2024-12-11 23:16:35,891 -   DEBUG - MD starts from No.-1 configuration in /home/energy/mahpe/Published_code/autocPaiNN/Example_data/NaMnPO4.traj
2024-12-11 23:16:36,152 -    INFO - Steps=         1 Epot=    -182.841 Ekin=       4.680 temperature= 1293.00 energy_var=0.00000, forces_var=0.00000, forces_l2_var=0.00000, stress_var=0.00000, magmom_var=0.00000, bader_charge_var=0.00000, forces_var_mean=0.00000, forces_sd=0.00000 
2024-12-11 23:16:36,268 -    INFO - Steps=         2 Epot=    -182.838 Ekin=       4.677 temperature= 1292.37 energy_var=0.00000, forces_var=0.00000, forces_l2_var=0.00000, stress_var=0.00000, magmom_var=0.00000, bader_charge_var=0.00000, forces_var_mean=0.00000, forces_sd=0.00000 
2024-12-11 23:16:36,377 -    INFO - Steps=         3 Epot=    -182.836 Ekin=       4.661 temperature= 1287.91 energy_var=0.00000, forces_var=0.00000, forces_l2_var=0.00000, stress_var=0.00000, magmom_var=0.00000, bader_charge_var=0.00000, forces_var_mean=0.00000, forces_sd=0.00000 
2024-12-11 23:16:36,487 -    INFO - Steps=         4 Epot=    -182.835 Ekin=       4.652 temperature= 1285.26 energy_var=0.00000, forces_var=0.00000, forces_l2_var=0.00000, stress_var=0.00000, magmom_var=0.00000, bader_charge_var=0.00000, forces_var_mean=0.00000, forces_sd=0.00000 
2024-12-11 23:16:36,599 -    INFO - Steps=         5 Epot=    -182.834 Ekin=       4.628 temperature= 1278.72 energy_var=0.00000, forces_var=0.00000, forces_l2_var=0.00000, stress_var=0.00000, magmom_var=0.00000, bader_charge_var=0.00000, forces_var_mean=0.00000, forces_sd=0.00000 
2024-12-11 23:16:36,709 -    INFO - Steps=         6 Epot=    -182.834 Ekin=       4.624 temperature= 1277.69 energy_var=0.00000, forces_var=0.00000, forces_l2_var=0.00000, stress_var=0.00000, magmom_var=0.00000, bader_charge_var=0.00000, forces_var_mean=0.00000, forces_sd=0.00000 
2024-12-11 23:16:36,823 -    INFO - Steps=         7 Epot=    -182.835 Ekin=       4.637 temperature= 1281.33 energy_var=0.00000, forces_var=0.00000, forces_l2_var=0.00000, stress_var=0.00000, magmom_var=0.00000, bader_charge_var=0.00000, forces_var_mean=0.00000, forces_sd=0.00000 
2024-12-11 23:16:36,933 -    INFO - Steps=         8 Epot=    -182.836 Ekin=       4.602 temperature= 1271.61 energy_var=0.00000, forces_var=0.00000, forces_l2_var=0.00000, stress_var=0.00000, magmom_var=0.00000, bader_charge_var=0.00000, forces_var_mean=0.00000, forces_sd=0.00000 
2024-12-11 23:16:37,046 -    INFO - Steps=         9 Epot=    -182.838 Ekin=       4.586 temperature= 1267.17 energy_var=0.00000, forces_var=0.00000, forces_l2_var=0.00000, stress_var=0.00000, magmom_var=0.00000, bader_charge_var=0.00000, forces_var_mean=0.00000, forces_sd=0.00000 
2024-12-11 23:16:37,156 -    INFO - Steps=        10 Epot=    -182.839 Ekin=       4.576 temperature= 1264.37 energy_var=0.00000, forces_var=0.00000, forces_l2_var=0.00000, stress_var=0.00000, magmom_var=0.00000, bader_charge_var=0.00000, forces_var_mean=0.00000, forces_sd=0.00000 
2024-12-11 23:16:37,249 -    INFO - Steps=        11 Epot=    -182.840 Ekin=       4.579 temperature= 1265.22 energy_var=0.00000, forces_var=0.00000, forces_l2_var=0.00000, stress_var=0.00000, magmom_var=0.00000, bader_charge_var=0.00000, forces_var_mean=0.00000, forces_sd=0.00000 
2024-12-11 23:16:37,348 -    INFO - Steps=        12 Epot=    -182.840 Ekin=       4.551 temperature= 1257.54 energy_var=0.00000, forces_var=0.00000, forces_l2_var=0.00000, stress_var=0.00000, magmom_var=0.00000, bader_charge_var=0.00000, forces_var_mean=0.00000, forces_sd=0.00000 
2024-12-11 23:16:37,444 -    INFO - Steps=        13 Epot=    -182.841 Ekin=       4.575 temperature= 1264.09 energy_var=0.00000, forces_var=0.00000, forces_l2_var=0.00000, stress_var=0.00000, magmom_var=0.00000, bader_charge_var=0.00000, forces_var_mean=0.00000, forces_sd=0.00000 
2024-12-11 23:16:37,543 -    INFO - Steps=        14 Epot=    -182.842 Ekin=       4.576 temperature= 1264.33 energy_var=0.00000, forces_var=0.00000, forces_l2_var=0.00000, stress_var=0.00000, magmom_var=0.00000, bader_charge_var=0.00000, forces_var_mean=0.00000, forces_sd=0.00000 
2024-12-11 23:16:37,631 -    INFO - Steps=        15 Epot=    -182.842 Ekin=       4.610 temperature= 1273.70 energy_var=0.00000, forces_var=0.00000, forces_l2_var=0.00000, stress_var=0.00000, magmom_var=0.00000, bader_charge_var=0.00000, forces_var_mean=0.00000, forces_sd=0.00000 
2024-12-11 23:16:37,725 -    INFO - Steps=        16 Epot=    -182.843 Ekin=       4.619 temperature= 1276.09 energy_var=0.00000, forces_var=0.00000, forces_l2_var=0.00000, stress_var=0.00000, magmom_var=0.00000, bader_charge_var=0.00000, forces_var_mean=0.00000, forces_sd=0.00000 
2024-12-11 23:16:37,828 -    INFO - Steps=        17 Epot=    -182.844 Ekin=       4.603 temperature= 1271.94 energy_var=0.00000, forces_var=0.00000, forces_l2_var=0.00000, stress_var=0.00000, magmom_var=0.00000, bader_charge_var=0.00000, forces_var_mean=0.00000, forces_sd=0.00000 
2024-12-11 23:16:37,931 -    INFO - Steps=        18 Epot=    -182.845 Ekin=       4.570 temperature= 1262.58 energy_var=0.00000, forces_var=0.00000, forces_l2_var=0.00000, stress_var=0.00000, magmom_var=0.00000, bader_charge_var=0.00000, forces_var_mean=0.00000, forces_sd=0.00000 
2024-12-11 23:16:38,030 -    INFO - Steps=        19 Epot=    -182.847 Ekin=       4.601 temperature= 1271.15 energy_var=0.00000, forces_var=0.00000, forces_l2_var=0.00000, stress_var=0.00000, magmom_var=0.00000, bader_charge_var=0.00000, forces_var_mean=0.00000, forces_sd=0.00000 
2024-12-11 23:16:38,127 -    INFO - Steps=        20 Epot=    -182.850 Ekin=       4.602 temperature= 1271.65 energy_var=0.00000, forces_var=0.00000, forces_l2_var=0.00000, stress_var=0.00000, magmom_var=0.00000, bader_charge_var=0.00000, forces_var_mean=0.00000, forces_sd=0.00000 
2024-12-11 23:16:38,228 -    INFO - Steps=        21 Epot=    -182.853 Ekin=       4.588 temperature= 1267.65 energy_var=0.00000, forces_var=0.00000, forces_l2_var=0.00000, stress_var=0.00000, magmom_var=0.00000, bader_charge_var=0.00000, forces_var_mean=0.00000, forces_sd=0.00000 
2024-12-11 23:16:38,327 -    INFO - Steps=        22 Epot=    -182.858 Ekin=       4.575 temperature= 1264.04 energy_var=0.00000, forces_var=0.00000, forces_l2_var=0.00000, stress_var=0.00000, magmom_var=0.00000, bader_charge_var=0.00000, forces_var_mean=0.00000, forces_sd=0.00000 
2024-12-11 23:16:38,425 -    INFO - Steps=        23 Epot=    -182.864 Ekin=       4.598 temperature= 1270.39 energy_var=0.00000, forces_var=0.00000, forces_l2_var=0.00000, stress_var=0.00000, magmom_var=0.00000, bader_charge_var=0.00000, forces_var_mean=0.00000, forces_sd=0.00000 
2024-12-11 23:16:38,526 -    INFO - Steps=        24 Epot=    -182.870 Ekin=       4.608 temperature= 1273.25 energy_var=0.00000, forces_var=0.00000, forces_l2_var=0.00000, stress_var=0.00000, magmom_var=0.00000, bader_charge_var=0.00000, forces_var_mean=0.00000, forces_sd=0.00000 
2024-12-11 23:16:38,626 -    INFO - Steps=        25 Epot=    -182.878 Ekin=       4.645 temperature= 1283.49 energy_var=0.00000, forces_var=0.00000, forces_l2_var=0.00000, stress_var=0.00000, magmom_var=0.00000, bader_charge_var=0.00000, forces_var_mean=0.00000, forces_sd=0.00000 
2024-12-11 23:16:38,722 -    INFO - Steps=        26 Epot=    -182.886 Ekin=       4.650 temperature= 1284.83 energy_var=0.00000, forces_var=0.00000, forces_l2_var=0.00000, stress_var=0.00000, magmom_var=0.00000, bader_charge_var=0.00000, forces_var_mean=0.00000, forces_sd=0.00000 
2024-12-11 23:16:38,816 -    INFO - Steps=        27 Epot=    -182.894 Ekin=       4.655 temperature= 1286.07 energy_var=0.00000, forces_var=0.00000, forces_l2_var=0.00000, stress_var=0.00000, magmom_var=0.00000, bader_charge_var=0.00000, forces_var_mean=0.00000, forces_sd=0.00000 
2024-12-11 23:16:38,915 -    INFO - Steps=        28 Epot=    -182.901 Ekin=       4.647 temperature= 1283.98 energy_var=0.00000, forces_var=0.00000, forces_l2_var=0.00000, stress_var=0.00000, magmom_var=0.00000, bader_charge_var=0.00000, forces_var_mean=0.00000, forces_sd=0.00000 
2024-12-11 23:16:39,011 -    INFO - Steps=        29 Epot=    -182.906 Ekin=       4.632 temperature= 1279.89 energy_var=0.00000, forces_var=0.00000, forces_l2_var=0.00000, stress_var=0.00000, magmom_var=0.00000, bader_charge_var=0.00000, forces_var_mean=0.00000, forces_sd=0.00000 
2024-12-11 23:16:39,129 -    INFO - Steps=        30 Epot=    -182.909 Ekin=       4.663 temperature= 1288.49 energy_var=0.00000, forces_var=0.00000, forces_l2_var=0.00000, stress_var=0.00000, magmom_var=0.00000, bader_charge_var=0.00000, forces_var_mean=0.00000, forces_sd=0.00000 
2024-12-11 23:16:39,236 -    INFO - Steps=        31 Epot=    -182.910 Ekin=       4.693 temperature= 1296.73 energy_var=0.00000, forces_var=0.00000, forces_l2_var=0.00000, stress_var=0.00000, magmom_var=0.00000, bader_charge_var=0.00000, forces_var_mean=0.00000, forces_sd=0.00000 
2024-12-11 23:16:39,341 -    INFO - Steps=        32 Epot=    -182.910 Ekin=       4.691 temperature= 1296.23 energy_var=0.00000, forces_var=0.00000, forces_l2_var=0.00000, stress_var=0.00000, magmom_var=0.00000, bader_charge_var=0.00000, forces_var_mean=0.00000, forces_sd=0.00000 
2024-12-11 23:16:39,447 -    INFO - Steps=        33 Epot=    -182.909 Ekin=       4.680 temperature= 1292.94 energy_var=0.00000, forces_var=0.00000, forces_l2_var=0.00000, stress_var=0.00000, magmom_var=0.00000, bader_charge_var=0.00000, forces_var_mean=0.00000, forces_sd=0.00000 
2024-12-11 23:16:39,555 -    INFO - Steps=        34 Epot=    -182.907 Ekin=       4.676 temperature= 1291.87 energy_var=0.00000, forces_var=0.00000, forces_l2_var=0.00000, stress_var=0.00000, magmom_var=0.00000, bader_charge_var=0.00000, forces_var_mean=0.00000, forces_sd=0.00000 
2024-12-11 23:16:39,667 -    INFO - Steps=        35 Epot=    -182.904 Ekin=       4.655 temperature= 1286.21 energy_var=0.00000, forces_var=0.00000, forces_l2_var=0.00000, stress_var=0.00000, magmom_var=0.00000, bader_charge_var=0.00000, forces_var_mean=0.00000, forces_sd=0.00000 
2024-12-11 23:16:39,780 -    INFO - Steps=        36 Epot=    -182.900 Ekin=       4.673 temperature= 1291.18 energy_var=0.00000, forces_var=0.00000, forces_l2_var=0.00000, stress_var=0.00000, magmom_var=0.00000, bader_charge_var=0.00000, forces_var_mean=0.00000, forces_sd=0.00000 
2024-12-11 23:16:39,890 -    INFO - Steps=        37 Epot=    -182.897 Ekin=       4.672 temperature= 1290.99 energy_var=0.00000, forces_var=0.00000, forces_l2_var=0.00000, stress_var=0.00000, magmom_var=0.00000, bader_charge_var=0.00000, forces_var_mean=0.00000, forces_sd=0.00000 
2024-12-11 23:16:39,999 -    INFO - Steps=        38 Epot=    -182.892 Ekin=       4.687 temperature= 1294.90 energy_var=0.00000, forces_var=0.00000, forces_l2_var=0.00000, stress_var=0.00000, magmom_var=0.00000, bader_charge_var=0.00000, forces_var_mean=0.00000, forces_sd=0.00000 
2024-12-11 23:16:40,110 -    INFO - Steps=        39 Epot=    -182.888 Ekin=       4.649 temperature= 1284.40 energy_var=0.00000, forces_var=0.00000, forces_l2_var=0.00000, stress_var=0.00000, magmom_var=0.00000, bader_charge_var=0.00000, forces_var_mean=0.00000, forces_sd=0.00000 
2024-12-11 23:16:40,219 -    INFO - Steps=        40 Epot=    -182.883 Ekin=       4.649 temperature= 1284.46 energy_var=0.00000, forces_var=0.00000, forces_l2_var=0.00000, stress_var=0.00000, magmom_var=0.00000, bader_charge_var=0.00000, forces_var_mean=0.00000, forces_sd=0.00000 
2024-12-11 23:16:40,330 -    INFO - Steps=        41 Epot=    -182.876 Ekin=       4.632 temperature= 1279.85 energy_var=0.00000, forces_var=0.00000, forces_l2_var=0.00000, stress_var=0.00000, magmom_var=0.00000, bader_charge_var=0.00000, forces_var_mean=0.00000, forces_sd=0.00000 
2024-12-11 23:16:40,440 -    INFO - Steps=        42 Epot=    -182.868 Ekin=       4.611 temperature= 1274.14 energy_var=0.00000, forces_var=0.00000, forces_l2_var=0.00000, stress_var=0.00000, magmom_var=0.00000, bader_charge_var=0.00000, forces_var_mean=0.00000, forces_sd=0.00000 
2024-12-11 23:16:40,546 -    INFO - Steps=        43 Epot=    -182.859 Ekin=       4.596 temperature= 1269.80 energy_var=0.00000, forces_var=0.00000, forces_l2_var=0.00000, stress_var=0.00000, magmom_var=0.00000, bader_charge_var=0.00000, forces_var_mean=0.00000, forces_sd=0.00000 
2024-12-11 23:16:40,655 -    INFO - Steps=        44 Epot=    -182.848 Ekin=       4.578 temperature= 1265.01 energy_var=0.00000, forces_var=0.00000, forces_l2_var=0.00000, stress_var=0.00000, magmom_var=0.00000, bader_charge_var=0.00000, forces_var_mean=0.00000, forces_sd=0.00000 
2024-12-11 23:16:40,763 -    INFO - Steps=        45 Epot=    -182.837 Ekin=       4.554 temperature= 1258.37 energy_var=0.00000, forces_var=0.00000, forces_l2_var=0.00000, stress_var=0.00000, magmom_var=0.00000, bader_charge_var=0.00000, forces_var_mean=0.00000, forces_sd=0.00000 
2024-12-11 23:16:40,872 -    INFO - Steps=        46 Epot=    -182.825 Ekin=       4.542 temperature= 1255.02 energy_var=0.00000, forces_var=0.00000, forces_l2_var=0.00000, stress_var=0.00000, magmom_var=0.00000, bader_charge_var=0.00000, forces_var_mean=0.00000, forces_sd=0.00000 
2024-12-11 23:16:40,982 -    INFO - Steps=        47 Epot=    -182.813 Ekin=       4.533 temperature= 1252.37 energy_var=0.00000, forces_var=0.00000, forces_l2_var=0.00000, stress_var=0.00000, magmom_var=0.00000, bader_charge_var=0.00000, forces_var_mean=0.00000, forces_sd=0.00000 
2024-12-11 23:16:41,094 -    INFO - Steps=        48 Epot=    -182.803 Ekin=       4.533 temperature= 1252.56 energy_var=0.00000, forces_var=0.00000, forces_l2_var=0.00000, stress_var=0.00000, magmom_var=0.00000, bader_charge_var=0.00000, forces_var_mean=0.00000, forces_sd=0.00000 
2024-12-11 23:16:41,207 -    INFO - Steps=        49 Epot=    -182.794 Ekin=       4.479 temperature= 1237.58 energy_var=0.00000, forces_var=0.00000, forces_l2_var=0.00000, stress_var=0.00000, magmom_var=0.00000, bader_charge_var=0.00000, forces_var_mean=0.00000, forces_sd=0.00000 
2024-12-11 23:16:41,315 -    INFO - Steps=        50 Epot=    -182.787 Ekin=       4.474 temperature= 1236.04 energy_var=0.00000, forces_var=0.00000, forces_l2_var=0.00000, stress_var=0.00000, magmom_var=0.00000, bader_charge_var=0.00000, forces_var_mean=0.00000, forces_sd=0.00000 
2024-12-11 23:16:41,425 -    INFO - Steps=        51 Epot=    -182.783 Ekin=       4.476 temperature= 1236.85 energy_var=0.00000, forces_var=0.00000, forces_l2_var=0.00000, stress_var=0.00000, magmom_var=0.00000, bader_charge_var=0.00000, forces_var_mean=0.00000, forces_sd=0.00000 
2024-12-11 23:16:41,534 -    INFO - Steps=        52 Epot=    -182.781 Ekin=       4.459 temperature= 1231.96 energy_var=0.00000, forces_var=0.00000, forces_l2_var=0.00000, stress_var=0.00000, magmom_var=0.00000, bader_charge_var=0.00000, forces_var_mean=0.00000, forces_sd=0.00000 
2024-12-11 23:16:41,640 -    INFO - Steps=        53 Epot=    -182.781 Ekin=       4.465 temperature= 1233.61 energy_var=0.00000, forces_var=0.00000, forces_l2_var=0.00000, stress_var=0.00000, magmom_var=0.00000, bader_charge_var=0.00000, forces_var_mean=0.00000, forces_sd=0.00000 
2024-12-11 23:16:41,749 -    INFO - Steps=        54 Epot=    -182.782 Ekin=       4.465 temperature= 1233.74 energy_var=0.00000, forces_var=0.00000, forces_l2_var=0.00000, stress_var=0.00000, magmom_var=0.00000, bader_charge_var=0.00000, forces_var_mean=0.00000, forces_sd=0.00000 
2024-12-11 23:16:41,854 -    INFO - Steps=        55 Epot=    -182.784 Ekin=       4.461 temperature= 1232.69 energy_var=0.00000, forces_var=0.00000, forces_l2_var=0.00000, stress_var=0.00000, magmom_var=0.00000, bader_charge_var=0.00000, forces_var_mean=0.00000, forces_sd=0.00000 
2024-12-11 23:16:41,962 -    INFO - Steps=        56 Epot=    -182.786 Ekin=       4.467 temperature= 1234.15 energy_var=0.00000, forces_var=0.00000, forces_l2_var=0.00000, stress_var=0.00000, magmom_var=0.00000, bader_charge_var=0.00000, forces_var_mean=0.00000, forces_sd=0.00000 
2024-12-11 23:16:42,071 -    INFO - Steps=        57 Epot=    -182.788 Ekin=       4.450 temperature= 1229.60 energy_var=0.00000, forces_var=0.00000, forces_l2_var=0.00000, stress_var=0.00000, magmom_var=0.00000, bader_charge_var=0.00000, forces_var_mean=0.00000, forces_sd=0.00000 
2024-12-11 23:16:42,176 -    INFO - Steps=        58 Epot=    -182.790 Ekin=       4.436 temperature= 1225.74 energy_var=0.00000, forces_var=0.00000, forces_l2_var=0.00000, stress_var=0.00000, magmom_var=0.00000, bader_charge_var=0.00000, forces_var_mean=0.00000, forces_sd=0.00000 
2024-12-11 23:16:42,282 -    INFO - Steps=        59 Epot=    -182.791 Ekin=       4.453 temperature= 1230.23 energy_var=0.00000, forces_var=0.00000, forces_l2_var=0.00000, stress_var=0.00000, magmom_var=0.00000, bader_charge_var=0.00000, forces_var_mean=0.00000, forces_sd=0.00000 
2024-12-11 23:16:42,386 -    INFO - Steps=        60 Epot=    -182.791 Ekin=       4.479 temperature= 1237.49 energy_var=0.00000, forces_var=0.00000, forces_l2_var=0.00000, stress_var=0.00000, magmom_var=0.00000, bader_charge_var=0.00000, forces_var_mean=0.00000, forces_sd=0.00000 
2024-12-11 23:16:42,493 -    INFO - Steps=        61 Epot=    -182.790 Ekin=       4.503 temperature= 1244.28 energy_var=0.00000, forces_var=0.00000, forces_l2_var=0.00000, stress_var=0.00000, magmom_var=0.00000, bader_charge_var=0.00000, forces_var_mean=0.00000, forces_sd=0.00000 
2024-12-11 23:16:42,600 -    INFO - Steps=        62 Epot=    -182.789 Ekin=       4.502 temperature= 1243.85 energy_var=0.00000, forces_var=0.00000, forces_l2_var=0.00000, stress_var=0.00000, magmom_var=0.00000, bader_charge_var=0.00000, forces_var_mean=0.00000, forces_sd=0.00000 
2024-12-11 23:16:42,710 -    INFO - Steps=        63 Epot=    -182.788 Ekin=       4.519 temperature= 1248.51 energy_var=0.00000, forces_var=0.00000, forces_l2_var=0.00000, stress_var=0.00000, magmom_var=0.00000, bader_charge_var=0.00000, forces_var_mean=0.00000, forces_sd=0.00000 
2024-12-11 23:16:42,817 -    INFO - Steps=        64 Epot=    -182.787 Ekin=       4.561 temperature= 1260.33 energy_var=0.00000, forces_var=0.00000, forces_l2_var=0.00000, stress_var=0.00000, magmom_var=0.00000, bader_charge_var=0.00000, forces_var_mean=0.00000, forces_sd=0.00000 
2024-12-11 23:16:42,926 -    INFO - Steps=        65 Epot=    -182.787 Ekin=       4.548 temperature= 1256.72 energy_var=0.00000, forces_var=0.00000, forces_l2_var=0.00000, stress_var=0.00000, magmom_var=0.00000, bader_charge_var=0.00000, forces_var_mean=0.00000, forces_sd=0.00000 
2024-12-11 23:16:43,036 -    INFO - Steps=        66 Epot=    -182.789 Ekin=       4.539 temperature= 1254.03 energy_var=0.00000, forces_var=0.00000, forces_l2_var=0.00000, stress_var=0.00000, magmom_var=0.00000, bader_charge_var=0.00000, forces_var_mean=0.00000, forces_sd=0.00000 
2024-12-11 23:16:43,148 -    INFO - Steps=        67 Epot=    -182.792 Ekin=       4.553 temperature= 1258.09 energy_var=0.00000, forces_var=0.00000, forces_l2_var=0.00000, stress_var=0.00000, magmom_var=0.00000, bader_charge_var=0.00000, forces_var_mean=0.00000, forces_sd=0.00000 
2024-12-11 23:16:43,258 -    INFO - Steps=        68 Epot=    -182.798 Ekin=       4.576 temperature= 1264.24 energy_var=0.00000, forces_var=0.00000, forces_l2_var=0.00000, stress_var=0.00000, magmom_var=0.00000, bader_charge_var=0.00000, forces_var_mean=0.00000, forces_sd=0.00000 
2024-12-11 23:16:43,366 -    INFO - Steps=        69 Epot=    -182.805 Ekin=       4.572 temperature= 1263.28 energy_var=0.00000, forces_var=0.00000, forces_l2_var=0.00000, stress_var=0.00000, magmom_var=0.00000, bader_charge_var=0.00000, forces_var_mean=0.00000, forces_sd=0.00000 
2024-12-11 23:16:43,472 -    INFO - Steps=        70 Epot=    -182.814 Ekin=       4.622 temperature= 1277.08 energy_var=0.00000, forces_var=0.00000, forces_l2_var=0.00000, stress_var=0.00000, magmom_var=0.00000, bader_charge_var=0.00000, forces_var_mean=0.00000, forces_sd=0.00000 
2024-12-11 23:16:43,581 -    INFO - Steps=        71 Epot=    -182.824 Ekin=       4.622 temperature= 1277.00 energy_var=0.00000, forces_var=0.00000, forces_l2_var=0.00000, stress_var=0.00000, magmom_var=0.00000, bader_charge_var=0.00000, forces_var_mean=0.00000, forces_sd=0.00000 
2024-12-11 23:16:43,689 -    INFO - Steps=        72 Epot=    -182.834 Ekin=       4.628 temperature= 1278.60 energy_var=0.00000, forces_var=0.00000, forces_l2_var=0.00000, stress_var=0.00000, magmom_var=0.00000, bader_charge_var=0.00000, forces_var_mean=0.00000, forces_sd=0.00000 
2024-12-11 23:16:43,797 -    INFO - Steps=        73 Epot=    -182.844 Ekin=       4.609 temperature= 1273.51 energy_var=0.00000, forces_var=0.00000, forces_l2_var=0.00000, stress_var=0.00000, magmom_var=0.00000, bader_charge_var=0.00000, forces_var_mean=0.00000, forces_sd=0.00000 
2024-12-11 23:16:43,906 -    INFO - Steps=        74 Epot=    -182.853 Ekin=       4.606 temperature= 1272.51 energy_var=0.00000, forces_var=0.00000, forces_l2_var=0.00000, stress_var=0.00000, magmom_var=0.00000, bader_charge_var=0.00000, forces_var_mean=0.00000, forces_sd=0.00000 
2024-12-11 23:16:44,013 -    INFO - Steps=        75 Epot=    -182.861 Ekin=       4.612 temperature= 1274.34 energy_var=0.00000, forces_var=0.00000, forces_l2_var=0.00000, stress_var=0.00000, magmom_var=0.00000, bader_charge_var=0.00000, forces_var_mean=0.00000, forces_sd=0.00000 
2024-12-11 23:16:44,126 -    INFO - Steps=        76 Epot=    -182.872 Ekin=       4.660 temperature= 1287.48 energy_var=0.00000, forces_var=0.00000, forces_l2_var=0.00000, stress_var=0.00000, magmom_var=0.00000, bader_charge_var=0.00000, forces_var_mean=0.00000, forces_sd=0.00000 
2024-12-11 23:16:44,240 -    INFO - Steps=        77 Epot=    -182.888 Ekin=       4.652 temperature= 1285.36 energy_var=0.00000, forces_var=0.00000, forces_l2_var=0.00000, stress_var=0.00000, magmom_var=0.00000, bader_charge_var=0.00000, forces_var_mean=0.00000, forces_sd=0.00000 
2024-12-11 23:16:44,352 -    INFO - Steps=        78 Epot=    -182.910 Ekin=       4.672 temperature= 1290.93 energy_var=0.00000, forces_var=0.00000, forces_l2_var=0.00000, stress_var=0.00000, magmom_var=0.00000, bader_charge_var=0.00000, forces_var_mean=0.00000, forces_sd=0.00000 
2024-12-11 23:16:44,460 -    INFO - Steps=        79 Epot=    -182.936 Ekin=       4.693 temperature= 1296.72 energy_var=0.00000, forces_var=0.00000, forces_l2_var=0.00000, stress_var=0.00000, magmom_var=0.00000, bader_charge_var=0.00000, forces_var_mean=0.00000, forces_sd=0.00000 
2024-12-11 23:16:44,572 -    INFO - Steps=        80 Epot=    -182.968 Ekin=       4.726 temperature= 1305.88 energy_var=0.00000, forces_var=0.00000, forces_l2_var=0.00000, stress_var=0.00000, magmom_var=0.00000, bader_charge_var=0.00000, forces_var_mean=0.00000, forces_sd=0.00000 
2024-12-11 23:16:44,681 -    INFO - Steps=        81 Epot=    -183.004 Ekin=       4.774 temperature= 1318.94 energy_var=0.00000, forces_var=0.00000, forces_l2_var=0.00000, stress_var=0.00000, magmom_var=0.00000, bader_charge_var=0.00000, forces_var_mean=0.00000, forces_sd=0.00000 
2024-12-11 23:16:44,787 -    INFO - Steps=        82 Epot=    -183.056 Ekin=       4.817 temperature= 1331.02 energy_var=0.00000, forces_var=0.00000, forces_l2_var=0.00000, stress_var=0.00000, magmom_var=0.00000, bader_charge_var=0.00000, forces_var_mean=0.00000, forces_sd=0.00000 
2024-12-11 23:16:44,896 -    INFO - Steps=        83 Epot=    -183.367 Ekin=       5.263 temperature= 1454.20 energy_var=0.00000, forces_var=0.00000, forces_l2_var=0.00000, stress_var=0.00000, magmom_var=0.00000, bader_charge_var=0.00000, forces_var_mean=0.00000, forces_sd=0.00000 
2024-12-11 23:16:45,008 -    INFO - Steps=        84 Epot=    -197.377 Ekin=     146.175 temperature=40387.88 energy_var=0.00000, forces_var=0.00000, forces_l2_var=0.00000, stress_var=0.00000, magmom_var=0.00000, bader_charge_var=0.00000, forces_var_mean=0.00000, forces_sd=0.00000 
2024-12-11 23:16:45,118 -    INFO - Steps=        85 Epot=    -182.790 Ekin=     533.105 temperature=147295.98 energy_var=0.00000, forces_var=0.00000, forces_l2_var=0.00000, stress_var=0.00000, magmom_var=0.00000, bader_charge_var=0.00000, forces_var_mean=0.00000, forces_sd=0.00000 
2024-12-11 23:16:45,226 -    INFO - Steps=        86 Epot=    -182.759 Ekin=     532.747 temperature=147196.95 energy_var=0.00000, forces_var=0.00000, forces_l2_var=0.00000, stress_var=0.00000, magmom_var=0.00000, bader_charge_var=0.00000, forces_var_mean=0.00000, forces_sd=0.00000 
2024-12-11 23:16:45,335 -    INFO - Steps=        87 Epot=    -182.749 Ekin=     532.167 temperature=147036.67 energy_var=0.00000, forces_var=0.00000, forces_l2_var=0.00000, stress_var=0.00000, magmom_var=0.00000, bader_charge_var=0.00000, forces_var_mean=0.00000, forces_sd=0.00000 
2024-12-11 23:16:45,447 -    INFO - Steps=        88 Epot=    -182.654 Ekin=     531.952 temperature=146977.40 energy_var=0.00000, forces_var=0.00000, forces_l2_var=0.00000, stress_var=0.00000, magmom_var=0.00000, bader_charge_var=0.00000, forces_var_mean=0.00000, forces_sd=0.00000 
2024-12-11 23:16:45,558 -    INFO - Steps=        89 Epot=    -182.650 Ekin=     531.466 temperature=146843.20 energy_var=0.00000, forces_var=0.00000, forces_l2_var=0.00000, stress_var=0.00000, magmom_var=0.00000, bader_charge_var=0.00000, forces_var_mean=0.00000, forces_sd=0.00000 
2024-12-11 23:16:45,668 -    INFO - Steps=        90 Epot=    -182.821 Ekin=     531.119 temperature=146747.20 energy_var=0.00000, forces_var=0.00000, forces_l2_var=0.00000, stress_var=0.00000, magmom_var=0.00000, bader_charge_var=0.00000, forces_var_mean=0.00000, forces_sd=0.00000 
2024-12-11 23:16:45,776 -    INFO - Steps=        91 Epot=    -182.774 Ekin=     530.586 temperature=146599.92 energy_var=0.00000, forces_var=0.00000, forces_l2_var=0.00000, stress_var=0.00000, magmom_var=0.00000, bader_charge_var=0.00000, forces_var_mean=0.00000, forces_sd=0.00000 
2024-12-11 23:16:45,885 -    INFO - Steps=        92 Epot=    -182.797 Ekin=     530.761 temperature=146648.27 energy_var=0.00000, forces_var=0.00000, forces_l2_var=0.00000, stress_var=0.00000, magmom_var=0.00000, bader_charge_var=0.00000, forces_var_mean=0.00000, forces_sd=0.00000 
2024-12-11 23:16:45,992 -    INFO - Steps=        93 Epot=    -182.780 Ekin=     530.136 temperature=146475.49 energy_var=0.00000, forces_var=0.00000, forces_l2_var=0.00000, stress_var=0.00000, magmom_var=0.00000, bader_charge_var=0.00000, forces_var_mean=0.00000, forces_sd=0.00000 
2024-12-11 23:16:46,100 -    INFO - Steps=        94 Epot=    -182.755 Ekin=     529.317 temperature=146249.27 energy_var=0.00000, forces_var=0.00000, forces_l2_var=0.00000, stress_var=0.00000, magmom_var=0.00000, bader_charge_var=0.00000, forces_var_mean=0.00000, forces_sd=0.00000 
2024-12-11 23:16:46,207 -    INFO - Steps=        95 Epot=    -182.774 Ekin=     529.393 temperature=146270.34 energy_var=0.00000, forces_var=0.00000, forces_l2_var=0.00000, stress_var=0.00000, magmom_var=0.00000, bader_charge_var=0.00000, forces_var_mean=0.00000, forces_sd=0.00000 
2024-12-11 23:16:46,313 -    INFO - Steps=        96 Epot=    -182.881 Ekin=     529.055 temperature=146176.85 energy_var=0.00000, forces_var=0.00000, forces_l2_var=0.00000, stress_var=0.00000, magmom_var=0.00000, bader_charge_var=0.00000, forces_var_mean=0.00000, forces_sd=0.00000 
2024-12-11 23:16:46,420 -    INFO - Steps=        97 Epot=    -182.763 Ekin=     528.769 temperature=146097.92 energy_var=0.00000, forces_var=0.00000, forces_l2_var=0.00000, stress_var=0.00000, magmom_var=0.00000, bader_charge_var=0.00000, forces_var_mean=0.00000, forces_sd=0.00000 
2024-12-11 23:16:46,523 -    INFO - Steps=        98 Epot=    -182.752 Ekin=     528.319 temperature=145973.62 energy_var=0.00000, forces_var=0.00000, forces_l2_var=0.00000, stress_var=0.00000, magmom_var=0.00000, bader_charge_var=0.00000, forces_var_mean=0.00000, forces_sd=0.00000 
2024-12-11 23:16:46,625 -    INFO - Steps=        99 Epot=    -182.788 Ekin=     528.133 temperature=145922.07 energy_var=0.00000, forces_var=0.00000, forces_l2_var=0.00000, stress_var=0.00000, magmom_var=0.00000, bader_charge_var=0.00000, forces_var_mean=0.00000, forces_sd=0.00000 
2024-12-11 23:16:46,732 -    INFO - Steps=       100 Epot=    -182.814 Ekin=     527.363 temperature=145709.33 energy_var=0.00000, forces_var=0.00000, forces_l2_var=0.00000, stress_var=0.00000, magmom_var=0.00000, bader_charge_var=0.00000, forces_var_mean=0.00000, forces_sd=0.00000 
2024-12-11 23:16:46,838 -    INFO - Steps=       101 Epot=    -182.758 Ekin=     526.478 temperature=145464.98 energy_var=0.00000, forces_var=0.00000, forces_l2_var=0.00000, stress_var=0.00000, magmom_var=0.00000, bader_charge_var=0.00000, forces_var_mean=0.00000, forces_sd=0.00000 
