Perqueue key:   3
Code:           /home/energy/mahpe/Published_code/autocPaiNN/workflow/train.py
User Arguments: {'cfg': 'config.toml'}
PQ Arguments:   {'pq_index': [0]}
------------------------------------------------------------------------------

env_sylg
Namespace(load_model=None, cutoff=4.0, split_file=None, val_ratio=0.1, num_interactions=4, node_size=128, output_dir='128_node_4_layer', dataset='/home/energy/mahpe/Published_code/polyanion_cathode_dataset/Combined.xyz', max_steps=1500000, device=None, batch_size=20, initial_lr=0.0001, forces_weight=0.98, charge_weight=0.1, stress_weight=1.0, log_inverval=None, plateau_scheduler=True, normalization=True, atomwise_normalization=True, stop_patience=1000, random_seed=3407, compute_forces=True, compute_stress=True, compute_magmom=True, compute_bader_charge=True, log_interval=2000, ensemble={'128_node_4_layer': {'node_size': 128, 'num_interactions': 4}, '256_node_4_layer': {'node_size': 256, 'num_interactions': 4}, '512_node_4_layer': {'node_size': 512, 'num_interactions': 4}})
batch dict_keys(['num_atoms', 'elems', 'coord', 'cell', 'pairs', 'n_diff', 'num_pairs', 'energy', 'forces', 'stress', 'magmom', 'bader_charge'])
568
Val_stress tensor([[[-1.5079e-03,  2.4083e-05,  6.7337e-05],
         [ 2.4140e-05, -1.1823e-03,  1.3613e-05],
         [ 6.8663e-05,  1.4883e-05, -1.9697e-03]],

        [[-3.7133e-04, -3.3060e-04,  5.7043e-04],
         [-3.3011e-04, -7.4116e-04,  5.5652e-05],
         [ 5.7115e-04,  5.5880e-05, -3.8182e-04]],

        [[-8.6719e-04,  1.1966e-04, -3.1929e-04],
         [ 1.2026e-04, -1.4389e-03, -3.0960e-04],
         [-3.1849e-04, -3.0940e-04, -6.4714e-04]],

        [[-4.6281e-04,  1.4526e-04,  3.0649e-05],
         [ 1.4681e-04, -4.1935e-04,  4.6997e-04],
         [ 3.2863e-05,  4.7063e-04, -2.5867e-04]],

        [[-8.0330e-04, -1.6999e-04, -1.5176e-05],
         [-1.6869e-04, -3.8924e-04,  2.6685e-05],
         [-1.4603e-05,  2.5964e-05, -4.6977e-04]],

        [[-6.1363e-04,  9.7637e-05, -6.4605e-05],
         [ 9.5652e-05, -5.3531e-04, -3.7490e-05],
         [-6.3115e-05, -3.4015e-05, -6.1838e-04]],

        [[-9.3191e-04, -1.1506e-04, -1.4267e-04],
         [-1.1539e-04, -7.4882e-04,  2.9770e-04],
         [-1.4279e-04,  2.9791e-04, -1.3004e-03]],

        [[-9.1630e-04,  8.9497e-05,  1.7159e-04],
         [ 9.1878e-05, -5.4267e-04,  1.3514e-04],
         [ 1.7205e-04,  1.3323e-04, -3.9447e-04]],

        [[-2.4254e-04, -2.5453e-04, -8.2269e-05],
         [-2.5616e-04, -5.5707e-04,  1.3659e-04],
         [-8.4413e-05,  1.3608e-04, -3.6065e-05]],

        [[-8.6191e-04, -5.6519e-05,  1.4096e-04],
         [-5.7869e-05, -5.4225e-04,  1.4735e-04],
         [ 1.4088e-04,  1.4862e-04, -9.6550e-04]],

        [[-4.3623e-04,  8.0737e-05,  6.3441e-05],
         [ 7.9082e-05, -6.3457e-04,  2.1891e-05],
         [ 6.3340e-05,  2.3445e-05, -3.2060e-04]],

        [[-7.2036e-04, -1.1832e-04,  3.2778e-04],
         [-1.1911e-04, -3.4877e-04, -6.3742e-05],
         [ 3.2555e-04, -6.5175e-05, -5.4495e-04]],

        [[-8.9380e-04,  1.4012e-04,  1.2707e-04],
         [ 1.4156e-04, -3.3315e-05,  1.7880e-05],
         [ 1.2765e-04,  1.7029e-05, -5.2524e-04]],

        [[-8.8071e-04,  8.6479e-05, -1.5887e-04],
         [ 8.8993e-05, -1.0043e-03, -1.3723e-04],
         [-1.5706e-04, -1.3794e-04, -7.7615e-04]]], grad_fn=<DivBackward0>) tensor([[[-6.9567e-03,  2.7938e-03,  3.1922e-03],
         [ 2.7938e-03, -7.2038e-04,  4.3763e-03],
         [ 3.1922e-03,  4.3763e-03,  1.3248e-02]],

        [[-1.6912e-02,  2.7251e-03,  1.0651e-02],
         [ 2.7251e-03, -2.3384e-02,  3.1097e-03],
         [ 1.0651e-02,  3.1097e-03, -6.9769e-03]],

        [[ 8.4395e-03,  1.0470e-02, -1.0591e-03],
         [ 1.0470e-02,  4.6403e-03,  2.6177e-03],
         [-1.0591e-03,  2.6177e-03,  1.3033e-02]],

        [[ 9.2219e-03,  1.6262e-03,  3.9691e-03],
         [ 1.6262e-03,  1.1529e-02, -1.8869e-03],
         [ 3.9691e-03, -1.8869e-03,  1.0352e-02]],

        [[-2.1999e-03, -1.3572e-03,  8.3262e-04],
         [-1.3572e-03, -2.9831e-03,  3.5301e-03],
         [ 8.3262e-04,  3.5301e-03, -6.6643e-03]],

        [[-2.0669e-03, -7.5129e-04, -2.1821e-03],
         [-7.5129e-04, -1.0137e-02, -9.0026e-03],
         [-2.1821e-03, -9.0026e-03, -1.9543e-03]],

        [[-1.0209e-02,  7.7712e-03, -7.6993e-03],
         [ 7.7712e-03, -8.9998e-03,  4.6525e-03],
         [-7.6993e-03,  4.6525e-03, -2.0353e-03]],

        [[-3.6835e-03,  3.3871e-03,  4.7027e-03],
         [ 3.3871e-03, -8.0647e-03,  6.4719e-03],
         [ 4.7027e-03,  6.4719e-03,  2.4372e-02]],

        [[-4.6724e-03, -2.4574e-03,  1.1254e-02],
         [-2.4574e-03, -1.7925e-03, -7.3497e-03],
         [ 1.1254e-02, -7.3497e-03, -1.6930e-02]],

        [[-2.8184e-02,  1.2294e-03,  2.3560e-03],
         [ 1.2294e-03, -1.1318e-02,  2.9829e-03],
         [ 2.3560e-03,  2.9829e-03, -3.3105e-02]],

        [[-4.8501e-03, -4.1228e-03, -3.5821e-03],
         [-4.1228e-03, -1.4945e-03,  4.8425e-03],
         [-3.5821e-03,  4.8425e-03, -4.1853e-04]],

        [[ 6.7063e-03, -3.9721e-04,  1.0853e-02],
         [-3.9721e-04,  2.0699e-03,  4.1294e-03],
         [ 1.0853e-02,  4.1294e-03,  4.9292e-03]],

        [[ 1.1151e-02, -2.4425e-03, -1.8111e-03],
         [-2.4425e-03, -9.7622e-03,  1.6286e-03],
         [-1.8111e-03,  1.6286e-03, -2.9667e-03]],

        [[ 3.4699e-03,  3.9423e-03,  5.7713e-03],
         [ 3.9423e-03, -1.9883e-02,  4.1019e-05],
         [ 5.7713e-03,  4.1019e-05, -1.4845e-02]]])
Val_stress torch.Size([14, 3, 3]) torch.Size([14, 3, 3])
Val_forces tensor([[-0.0098,  0.0107,  0.0288],
        [ 0.0615, -0.0456, -0.0063],
        [ 0.0147,  0.0432,  0.0109],
        ...,
        [ 0.0122,  0.0514,  0.0046],
        [ 0.0118,  0.0058,  0.0607],
        [-0.0229,  0.0560, -0.0141]], grad_fn=<AddBackward0>) tensor([[-0.4748,  0.9035,  0.5181],
        [ 1.4708, -0.7469,  0.1940],
        [ 1.1640,  0.3090, -0.2215],
        ...,
        [-0.7731,  2.9688,  0.5006],
        [-1.6298,  0.7956,  1.7954],
        [-1.2663,  3.6813, -2.3252]])
Val_forces torch.Size([471, 3]) torch.Size([471, 3])
Val_energy tensor([-183.8305, -170.2436, -170.1549, -170.1470, -203.6189, -203.8392,
        -190.3448, -169.6318, -170.2103, -732.8398, -169.6323, -183.3067,
        -196.5643, -169.6364], grad_fn=<AddBackward0>) tensor([-163.6874, -157.5721, -175.2634, -174.5209, -191.5665, -177.9688,
        -180.7508, -184.2271, -158.0734, -750.2781, -184.5252, -180.5802,
        -199.2669, -184.6391])
Val_energy torch.Size([14]) torch.Size([14])
Val_stress tensor([[[-1.5079e-03,  2.4083e-05,  6.7337e-05],
         [ 2.4140e-05, -1.1823e-03,  1.3613e-05],
         [ 6.8663e-05,  1.4883e-05, -1.9697e-03]],

        [[-3.7133e-04, -3.3060e-04,  5.7043e-04],
         [-3.3011e-04, -7.4116e-04,  5.5652e-05],
         [ 5.7115e-04,  5.5880e-05, -3.8182e-04]],

        [[-8.6719e-04,  1.1966e-04, -3.1929e-04],
         [ 1.2026e-04, -1.4389e-03, -3.0960e-04],
         [-3.1849e-04, -3.0940e-04, -6.4714e-04]],

        [[-4.6281e-04,  1.4526e-04,  3.0649e-05],
         [ 1.4681e-04, -4.1935e-04,  4.6997e-04],
         [ 3.2863e-05,  4.7063e-04, -2.5867e-04]],

        [[-8.0330e-04, -1.6999e-04, -1.5176e-05],
         [-1.6869e-04, -3.8924e-04,  2.6685e-05],
         [-1.4603e-05,  2.5964e-05, -4.6977e-04]],

        [[-6.1363e-04,  9.7637e-05, -6.4605e-05],
         [ 9.5652e-05, -5.3531e-04, -3.7490e-05],
         [-6.3115e-05, -3.4015e-05, -6.1838e-04]],

        [[-9.3191e-04, -1.1506e-04, -1.4267e-04],
         [-1.1539e-04, -7.4882e-04,  2.9770e-04],
         [-1.4279e-04,  2.9791e-04, -1.3004e-03]],

        [[-9.1630e-04,  8.9497e-05,  1.7159e-04],
         [ 9.1878e-05, -5.4267e-04,  1.3514e-04],
         [ 1.7205e-04,  1.3323e-04, -3.9447e-04]],

        [[-2.4254e-04, -2.5453e-04, -8.2269e-05],
         [-2.5616e-04, -5.5707e-04,  1.3659e-04],
         [-8.4413e-05,  1.3608e-04, -3.6065e-05]],

        [[-8.6191e-04, -5.6519e-05,  1.4096e-04],
         [-5.7869e-05, -5.4225e-04,  1.4735e-04],
         [ 1.4088e-04,  1.4862e-04, -9.6550e-04]],

        [[-4.3623e-04,  8.0737e-05,  6.3441e-05],
         [ 7.9082e-05, -6.3457e-04,  2.1891e-05],
         [ 6.3340e-05,  2.3445e-05, -3.2060e-04]],

        [[-7.2036e-04, -1.1832e-04,  3.2778e-04],
         [-1.1911e-04, -3.4877e-04, -6.3742e-05],
         [ 3.2555e-04, -6.5175e-05, -5.4495e-04]],

        [[-8.9380e-04,  1.4012e-04,  1.2707e-04],
         [ 1.4156e-04, -3.3315e-05,  1.7880e-05],
         [ 1.2765e-04,  1.7029e-05, -5.2524e-04]],

        [[-8.8071e-04,  8.6479e-05, -1.5887e-04],
         [ 8.8993e-05, -1.0043e-03, -1.3723e-04],
         [-1.5706e-04, -1.3794e-04, -7.7615e-04]]], grad_fn=<DivBackward0>) tensor([[[-6.9567e-03,  2.7938e-03,  3.1922e-03],
         [ 2.7938e-03, -7.2038e-04,  4.3763e-03],
         [ 3.1922e-03,  4.3763e-03,  1.3248e-02]],

        [[-1.6912e-02,  2.7251e-03,  1.0651e-02],
         [ 2.7251e-03, -2.3384e-02,  3.1097e-03],
         [ 1.0651e-02,  3.1097e-03, -6.9769e-03]],

        [[ 8.4395e-03,  1.0470e-02, -1.0591e-03],
         [ 1.0470e-02,  4.6403e-03,  2.6177e-03],
         [-1.0591e-03,  2.6177e-03,  1.3033e-02]],

        [[ 9.2219e-03,  1.6262e-03,  3.9691e-03],
         [ 1.6262e-03,  1.1529e-02, -1.8869e-03],
         [ 3.9691e-03, -1.8869e-03,  1.0352e-02]],

        [[-2.1999e-03, -1.3572e-03,  8.3262e-04],
         [-1.3572e-03, -2.9831e-03,  3.5301e-03],
         [ 8.3262e-04,  3.5301e-03, -6.6643e-03]],

        [[-2.0669e-03, -7.5129e-04, -2.1821e-03],
         [-7.5129e-04, -1.0137e-02, -9.0026e-03],
         [-2.1821e-03, -9.0026e-03, -1.9543e-03]],

        [[-1.0209e-02,  7.7712e-03, -7.6993e-03],
         [ 7.7712e-03, -8.9998e-03,  4.6525e-03],
         [-7.6993e-03,  4.6525e-03, -2.0353e-03]],

        [[-3.6835e-03,  3.3871e-03,  4.7027e-03],
         [ 3.3871e-03, -8.0647e-03,  6.4719e-03],
         [ 4.7027e-03,  6.4719e-03,  2.4372e-02]],

        [[-4.6724e-03, -2.4574e-03,  1.1254e-02],
         [-2.4574e-03, -1.7925e-03, -7.3497e-03],
         [ 1.1254e-02, -7.3497e-03, -1.6930e-02]],

        [[-2.8184e-02,  1.2294e-03,  2.3560e-03],
         [ 1.2294e-03, -1.1318e-02,  2.9829e-03],
         [ 2.3560e-03,  2.9829e-03, -3.3105e-02]],

        [[-4.8501e-03, -4.1228e-03, -3.5821e-03],
         [-4.1228e-03, -1.4945e-03,  4.8425e-03],
         [-3.5821e-03,  4.8425e-03, -4.1853e-04]],

        [[ 6.7063e-03, -3.9721e-04,  1.0853e-02],
         [-3.9721e-04,  2.0699e-03,  4.1294e-03],
         [ 1.0853e-02,  4.1294e-03,  4.9292e-03]],

        [[ 1.1151e-02, -2.4425e-03, -1.8111e-03],
         [-2.4425e-03, -9.7622e-03,  1.6286e-03],
         [-1.8111e-03,  1.6286e-03, -2.9667e-03]],

        [[ 3.4699e-03,  3.9423e-03,  5.7713e-03],
         [ 3.9423e-03, -1.9883e-02,  4.1019e-05],
         [ 5.7713e-03,  4.1019e-05, -1.4845e-02]]])
Val_stress torch.Size([14, 3, 3]) torch.Size([14, 3, 3])
batch dict_keys(['num_atoms', 'elems', 'coord', 'cell', 'pairs', 'n_diff', 'num_pairs', 'energy', 'forces', 'stress', 'magmom', 'bader_charge'])
batch dict_keys(['num_atoms', 'elems', 'coord', 'cell', 'pairs', 'n_diff', 'num_pairs', 'energy', 'forces', 'stress', 'magmom', 'bader_charge'])
batch dict_keys(['num_atoms', 'elems', 'coord', 'cell', 'pairs', 'n_diff', 'num_pairs', 'energy', 'forces', 'stress', 'magmom', 'bader_charge'])
batch dict_keys(['num_atoms', 'elems', 'coord', 'cell', 'pairs', 'n_diff', 'num_pairs', 'energy', 'forces', 'stress', 'magmom', 'bader_charge'])
batch dict_keys(['num_atoms', 'elems', 'coord', 'cell', 'pairs', 'n_diff', 'num_pairs', 'energy', 'forces', 'stress', 'magmom', 'bader_charge'])
batch dict_keys(['num_atoms', 'elems', 'coord', 'cell', 'pairs', 'n_diff', 'num_pairs', 'energy', 'forces', 'stress', 'magmom', 'bader_charge'])
batch dict_keys(['num_atoms', 'elems', 'coord', 'cell', 'pairs', 'n_diff', 'num_pairs', 'energy', 'forces', 'stress', 'magmom', 'bader_charge'])
batch dict_keys(['num_atoms', 'elems', 'coord', 'cell', 'pairs', 'n_diff', 'num_pairs', 'energy', 'forces', 'stress', 'magmom', 'bader_charge'])
batch dict_keys(['num_atoms', 'elems', 'coord', 'cell', 'pairs', 'n_diff', 'num_pairs', 'energy', 'forces', 'stress', 'magmom', 'bader_charge'])
batch dict_keys(['num_atoms', 'elems', 'coord', 'cell', 'pairs', 'n_diff', 'num_pairs', 'energy', 'forces', 'stress', 'magmom', 'bader_charge'])
batch dict_keys(['num_atoms', 'elems', 'coord', 'cell', 'pairs', 'n_diff', 'num_pairs', 'energy', 'forces', 'stress', 'magmom', 'bader_charge'])
batch dict_keys(['num_atoms', 'elems', 'coord', 'cell', 'pairs', 'n_diff', 'num_pairs', 'energy', 'forces', 'stress', 'magmom', 'bader_charge'])
batch dict_keys(['num_atoms', 'elems', 'coord', 'cell', 'pairs', 'n_diff', 'num_pairs', 'energy', 'forces', 'stress', 'magmom', 'bader_charge'])
batch dict_keys(['num_atoms', 'elems', 'coord', 'cell', 'pairs', 'n_diff', 'num_pairs', 'energy', 'forces', 'stress', 'magmom', 'bader_charge'])
batch dict_keys(['num_atoms', 'elems', 'coord', 'cell', 'pairs', 'n_diff', 'num_pairs', 'energy', 'forces', 'stress', 'magmom', 'bader_charge'])
batch dict_keys(['num_atoms', 'elems', 'coord', 'cell', 'pairs', 'n_diff', 'num_pairs', 'energy', 'forces', 'stress', 'magmom', 'bader_charge'])
batch dict_keys(['num_atoms', 'elems', 'coord', 'cell', 'pairs', 'n_diff', 'num_pairs', 'energy', 'forces', 'stress', 'magmom', 'bader_charge'])
batch dict_keys(['num_atoms', 'elems', 'coord', 'cell', 'pairs', 'n_diff', 'num_pairs', 'energy', 'forces', 'stress', 'magmom', 'bader_charge'])
batch dict_keys(['num_atoms', 'elems', 'coord', 'cell', 'pairs', 'n_diff', 'num_pairs', 'energy', 'forces', 'stress', 'magmom', 'bader_charge'])
batch dict_keys(['num_atoms', 'elems', 'coord', 'cell', 'pairs', 'n_diff', 'num_pairs', 'energy', 'forces', 'stress', 'magmom', 'bader_charge'])
batch dict_keys(['num_atoms', 'elems', 'coord', 'cell', 'pairs', 'n_diff', 'num_pairs', 'energy', 'forces', 'stress', 'magmom', 'bader_charge'])
batch dict_keys(['num_atoms', 'elems', 'coord', 'cell', 'pairs', 'n_diff', 'num_pairs', 'energy', 'forces', 'stress', 'magmom', 'bader_charge'])
batch dict_keys(['num_atoms', 'elems', 'coord', 'cell', 'pairs', 'n_diff', 'num_pairs', 'energy', 'forces', 'stress', 'magmom', 'bader_charge'])
batch dict_keys(['num_atoms', 'elems', 'coord', 'cell', 'pairs', 'n_diff', 'num_pairs', 'energy', 'forces', 'stress', 'magmom', 'bader_charge'])
batch dict_keys(['num_atoms', 'elems', 'coord', 'cell', 'pairs', 'n_diff', 'num_pairs', 'energy', 'forces', 'stress', 'magmom', 'bader_charge'])
batch dict_keys(['num_atoms', 'elems', 'coord', 'cell', 'pairs', 'n_diff', 'num_pairs', 'energy', 'forces', 'stress', 'magmom', 'bader_charge'])
batch dict_keys(['num_atoms', 'elems', 'coord', 'cell', 'pairs', 'n_diff', 'num_pairs', 'energy', 'forces', 'stress', 'magmom', 'bader_charge'])
batch dict_keys(['num_atoms', 'elems', 'coord', 'cell', 'pairs', 'n_diff', 'num_pairs', 'energy', 'forces', 'stress', 'magmom', 'bader_charge'])
batch dict_keys(['num_atoms', 'elems', 'coord', 'cell', 'pairs', 'n_diff', 'num_pairs', 'energy', 'forces', 'stress', 'magmom', 'bader_charge'])
batch dict_keys(['num_atoms', 'elems', 'coord', 'cell', 'pairs', 'n_diff', 'num_pairs', 'energy', 'forces', 'stress', 'magmom', 'bader_charge'])
batch dict_keys(['num_atoms', 'elems', 'coord', 'cell', 'pairs', 'n_diff', 'num_pairs', 'energy', 'forces', 'stress', 'magmom', 'bader_charge'])
batch dict_keys(['num_atoms', 'elems', 'coord', 'cell', 'pairs', 'n_diff', 'num_pairs', 'energy', 'forces', 'stress', 'magmom', 'bader_charge'])
batch dict_keys(['num_atoms', 'elems', 'coord', 'cell', 'pairs', 'n_diff', 'num_pairs', 'energy', 'forces', 'stress', 'magmom', 'bader_charge'])
batch dict_keys(['num_atoms', 'elems', 'coord', 'cell', 'pairs', 'n_diff', 'num_pairs', 'energy', 'forces', 'stress', 'magmom', 'bader_charge'])
batch dict_keys(['num_atoms', 'elems', 'coord', 'cell', 'pairs', 'n_diff', 'num_pairs', 'energy', 'forces', 'stress', 'magmom', 'bader_charge'])
batch dict_keys(['num_atoms', 'elems', 'coord', 'cell', 'pairs', 'n_diff', 'num_pairs', 'energy', 'forces', 'stress', 'magmom', 'bader_charge'])
batch dict_keys(['num_atoms', 'elems', 'coord', 'cell', 'pairs', 'n_diff', 'num_pairs', 'energy', 'forces', 'stress', 'magmom', 'bader_charge'])
batch dict_keys(['num_atoms', 'elems', 'coord', 'cell', 'pairs', 'n_diff', 'num_pairs', 'energy', 'forces', 'stress', 'magmom', 'bader_charge'])
batch dict_keys(['num_atoms', 'elems', 'coord', 'cell', 'pairs', 'n_diff', 'num_pairs', 'energy', 'forces', 'stress', 'magmom', 'bader_charge'])
batch dict_keys(['num_atoms', 'elems', 'coord', 'cell', 'pairs', 'n_diff', 'num_pairs', 'energy', 'forces', 'stress', 'magmom', 'bader_charge'])
batch dict_keys(['num_atoms', 'elems', 'coord', 'cell', 'pairs', 'n_diff', 'num_pairs', 'energy', 'forces', 'stress', 'magmom', 'bader_charge'])
batch dict_keys(['num_atoms', 'elems', 'coord', 'cell', 'pairs', 'n_diff', 'num_pairs', 'energy', 'forces', 'stress', 'magmom', 'bader_charge'])
batch dict_keys(['num_atoms', 'elems', 'coord', 'cell', 'pairs', 'n_diff', 'num_pairs', 'energy', 'forces', 'stress', 'magmom', 'bader_charge'])
batch dict_keys(['num_atoms', 'elems', 'coord', 'cell', 'pairs', 'n_diff', 'num_pairs', 'energy', 'forces', 'stress', 'magmom', 'bader_charge'])
batch dict_keys(['num_atoms', 'elems', 'coord', 'cell', 'pairs', 'n_diff', 'num_pairs', 'energy', 'forces', 'stress', 'magmom', 'bader_charge'])
batch dict_keys(['num_atoms', 'elems', 'coord', 'cell', 'pairs', 'n_diff', 'num_pairs', 'energy', 'forces', 'stress', 'magmom', 'bader_charge'])
batch dict_keys(['num_atoms', 'elems', 'coord', 'cell', 'pairs', 'n_diff', 'num_pairs', 'energy', 'forces', 'stress', 'magmom', 'bader_charge'])
batch dict_keys(['num_atoms', 'elems', 'coord', 'cell', 'pairs', 'n_diff', 'num_pairs', 'energy', 'forces', 'stress', 'magmom', 'bader_charge'])
batch dict_keys(['num_atoms', 'elems', 'coord', 'cell', 'pairs', 'n_diff', 'num_pairs', 'energy', 'forces', 'stress', 'magmom', 'bader_charge'])
batch dict_keys(['num_atoms', 'elems', 'coord', 'cell', 'pairs', 'n_diff', 'num_pairs', 'energy', 'forces', 'stress', 'magmom', 'bader_charge'])
batch dict_keys(['num_atoms', 'elems', 'coord', 'cell', 'pairs', 'n_diff', 'num_pairs', 'energy', 'forces', 'stress', 'magmom', 'bader_charge'])
batch dict_keys(['num_atoms', 'elems', 'coord', 'cell', 'pairs', 'n_diff', 'num_pairs', 'energy', 'forces', 'stress', 'magmom', 'bader_charge'])
batch dict_keys(['num_atoms', 'elems', 'coord', 'cell', 'pairs', 'n_diff', 'num_pairs', 'energy', 'forces', 'stress', 'magmom', 'bader_charge'])
batch dict_keys(['num_atoms', 'elems', 'coord', 'cell', 'pairs', 'n_diff', 'num_pairs', 'energy', 'forces', 'stress', 'magmom', 'bader_charge'])
batch dict_keys(['num_atoms', 'elems', 'coord', 'cell', 'pairs', 'n_diff', 'num_pairs', 'energy', 'forces', 'stress', 'magmom', 'bader_charge'])
batch dict_keys(['num_atoms', 'elems', 'coord', 'cell', 'pairs', 'n_diff', 'num_pairs', 'energy', 'forces', 'stress', 'magmom', 'bader_charge'])
batch dict_keys(['num_atoms', 'elems', 'coord', 'cell', 'pairs', 'n_diff', 'num_pairs', 'energy', 'forces', 'stress', 'magmom', 'bader_charge'])
batch dict_keys(['num_atoms', 'elems', 'coord', 'cell', 'pairs', 'n_diff', 'num_pairs', 'energy', 'forces', 'stress', 'magmom', 'bader_charge'])
batch dict_keys(['num_atoms', 'elems', 'coord', 'cell', 'pairs', 'n_diff', 'num_pairs', 'energy', 'forces', 'stress', 'magmom', 'bader_charge'])
batch dict_keys(['num_atoms', 'elems', 'coord', 'cell', 'pairs', 'n_diff', 'num_pairs', 'energy', 'forces', 'stress', 'magmom', 'bader_charge'])
batch dict_keys(['num_atoms', 'elems', 'coord', 'cell', 'pairs', 'n_diff', 'num_pairs', 'energy', 'forces', 'stress', 'magmom', 'bader_charge'])
batch dict_keys(['num_atoms', 'elems', 'coord', 'cell', 'pairs', 'n_diff', 'num_pairs', 'energy', 'forces', 'stress', 'magmom', 'bader_charge'])
batch dict_keys(['num_atoms', 'elems', 'coord', 'cell', 'pairs', 'n_diff', 'num_pairs', 'energy', 'forces', 'stress', 'magmom', 'bader_charge'])
batch dict_keys(['num_atoms', 'elems', 'coord', 'cell', 'pairs', 'n_diff', 'num_pairs', 'energy', 'forces', 'stress', 'magmom', 'bader_charge'])
batch dict_keys(['num_atoms', 'elems', 'coord', 'cell', 'pairs', 'n_diff', 'num_pairs', 'energy', 'forces', 'stress', 'magmom', 'bader_charge'])
batch dict_keys(['num_atoms', 'elems', 'coord', 'cell', 'pairs', 'n_diff', 'num_pairs', 'energy', 'forces', 'stress', 'magmom', 'bader_charge'])
batch dict_keys(['num_atoms', 'elems', 'coord', 'cell', 'pairs', 'n_diff', 'num_pairs', 'energy', 'forces', 'stress', 'magmom', 'bader_charge'])
batch dict_keys(['num_atoms', 'elems', 'coord', 'cell', 'pairs', 'n_diff', 'num_pairs', 'energy', 'forces', 'stress', 'magmom', 'bader_charge'])
batch dict_keys(['num_atoms', 'elems', 'coord', 'cell', 'pairs', 'n_diff', 'num_pairs', 'energy', 'forces', 'stress', 'magmom', 'bader_charge'])
batch dict_keys(['num_atoms', 'elems', 'coord', 'cell', 'pairs', 'n_diff', 'num_pairs', 'energy', 'forces', 'stress', 'magmom', 'bader_charge'])
batch dict_keys(['num_atoms', 'elems', 'coord', 'cell', 'pairs', 'n_diff', 'num_pairs', 'energy', 'forces', 'stress', 'magmom', 'bader_charge'])
batch dict_keys(['num_atoms', 'elems', 'coord', 'cell', 'pairs', 'n_diff', 'num_pairs', 'energy', 'forces', 'stress', 'magmom', 'bader_charge'])
batch dict_keys(['num_atoms', 'elems', 'coord', 'cell', 'pairs', 'n_diff', 'num_pairs', 'energy', 'forces', 'stress', 'magmom', 'bader_charge'])
batch dict_keys(['num_atoms', 'elems', 'coord', 'cell', 'pairs', 'n_diff', 'num_pairs', 'energy', 'forces', 'stress', 'magmom', 'bader_charge'])
batch dict_keys(['num_atoms', 'elems', 'coord', 'cell', 'pairs', 'n_diff', 'num_pairs', 'energy', 'forces', 'stress', 'magmom', 'bader_charge'])
batch dict_keys(['num_atoms', 'elems', 'coord', 'cell', 'pairs', 'n_diff', 'num_pairs', 'energy', 'forces', 'stress', 'magmom', 'bader_charge'])
batch dict_keys(['num_atoms', 'elems', 'coord', 'cell', 'pairs', 'n_diff', 'num_pairs', 'energy', 'forces', 'stress', 'magmom', 'bader_charge'])
batch dict_keys(['num_atoms', 'elems', 'coord', 'cell', 'pairs', 'n_diff', 'num_pairs', 'energy', 'forces', 'stress', 'magmom', 'bader_charge'])
batch dict_keys(['num_atoms', 'elems', 'coord', 'cell', 'pairs', 'n_diff', 'num_pairs', 'energy', 'forces', 'stress', 'magmom', 'bader_charge'])
batch dict_keys(['num_atoms', 'elems', 'coord', 'cell', 'pairs', 'n_diff', 'num_pairs', 'energy', 'forces', 'stress', 'magmom', 'bader_charge'])
batch dict_keys(['num_atoms', 'elems', 'coord', 'cell', 'pairs', 'n_diff', 'num_pairs', 'energy', 'forces', 'stress', 'magmom', 'bader_charge'])
batch dict_keys(['num_atoms', 'elems', 'coord', 'cell', 'pairs', 'n_diff', 'num_pairs', 'energy', 'forces', 'stress', 'magmom', 'bader_charge'])
batch dict_keys(['num_atoms', 'elems', 'coord', 'cell', 'pairs', 'n_diff', 'num_pairs', 'energy', 'forces', 'stress', 'magmom', 'bader_charge'])
batch dict_keys(['num_atoms', 'elems', 'coord', 'cell', 'pairs', 'n_diff', 'num_pairs', 'energy', 'forces', 'stress', 'magmom', 'bader_charge'])
batch dict_keys(['num_atoms', 'elems', 'coord', 'cell', 'pairs', 'n_diff', 'num_pairs', 'energy', 'forces', 'stress', 'magmom', 'bader_charge'])
batch dict_keys(['num_atoms', 'elems', 'coord', 'cell', 'pairs', 'n_diff', 'num_pairs', 'energy', 'forces', 'stress', 'magmom', 'bader_charge'])
batch dict_keys(['num_atoms', 'elems', 'coord', 'cell', 'pairs', 'n_diff', 'num_pairs', 'energy', 'forces', 'stress', 'magmom', 'bader_charge'])
batch dict_keys(['num_atoms', 'elems', 'coord', 'cell', 'pairs', 'n_diff', 'num_pairs', 'energy', 'forces', 'stress', 'magmom', 'bader_charge'])
batch dict_keys(['num_atoms', 'elems', 'coord', 'cell', 'pairs', 'n_diff', 'num_pairs', 'energy', 'forces', 'stress', 'magmom', 'bader_charge'])
batch dict_keys(['num_atoms', 'elems', 'coord', 'cell', 'pairs', 'n_diff', 'num_pairs', 'energy', 'forces', 'stress', 'magmom', 'bader_charge'])
batch dict_keys(['num_atoms', 'elems', 'coord', 'cell', 'pairs', 'n_diff', 'num_pairs', 'energy', 'forces', 'stress', 'magmom', 'bader_charge'])
batch dict_keys(['num_atoms', 'elems', 'coord', 'cell', 'pairs', 'n_diff', 'num_pairs', 'energy', 'forces', 'stress', 'magmom', 'bader_charge'])
batch dict_keys(['num_atoms', 'elems', 'coord', 'cell', 'pairs', 'n_diff', 'num_pairs', 'energy', 'forces', 'stress', 'magmom', 'bader_charge'])
batch dict_keys(['num_atoms', 'elems', 'coord', 'cell', 'pairs', 'n_diff', 'num_pairs', 'energy', 'forces', 'stress', 'magmom', 'bader_charge'])
batch dict_keys(['num_atoms', 'elems', 'coord', 'cell', 'pairs', 'n_diff', 'num_pairs', 'energy', 'forces', 'stress', 'magmom', 'bader_charge'])
batch dict_keys(['num_atoms', 'elems', 'coord', 'cell', 'pairs', 'n_diff', 'num_pairs', 'energy', 'forces', 'stress', 'magmom', 'bader_charge'])
batch dict_keys(['num_atoms', 'elems', 'coord', 'cell', 'pairs', 'n_diff', 'num_pairs', 'energy', 'forces', 'stress', 'magmom', 'bader_charge'])
batch dict_keys(['num_atoms', 'elems', 'coord', 'cell', 'pairs', 'n_diff', 'num_pairs', 'energy', 'forces', 'stress', 'magmom', 'bader_charge'])
batch dict_keys(['num_atoms', 'elems', 'coord', 'cell', 'pairs', 'n_diff', 'num_pairs', 'energy', 'forces', 'stress', 'magmom', 'bader_charge'])
batch dict_keys(['num_atoms', 'elems', 'coord', 'cell', 'pairs', 'n_diff', 'num_pairs', 'energy', 'forces', 'stress', 'magmom', 'bader_charge'])
batch dict_keys(['num_atoms', 'elems', 'coord', 'cell', 'pairs', 'n_diff', 'num_pairs', 'energy', 'forces', 'stress', 'magmom', 'bader_charge'])
batch dict_keys(['num_atoms', 'elems', 'coord', 'cell', 'pairs', 'n_diff', 'num_pairs', 'energy', 'forces', 'stress', 'magmom', 'bader_charge'])
batch dict_keys(['num_atoms', 'elems', 'coord', 'cell', 'pairs', 'n_diff', 'num_pairs', 'energy', 'forces', 'stress', 'magmom', 'bader_charge'])
batch dict_keys(['num_atoms', 'elems', 'coord', 'cell', 'pairs', 'n_diff', 'num_pairs', 'energy', 'forces', 'stress', 'magmom', 'bader_charge'])
batch dict_keys(['num_atoms', 'elems', 'coord', 'cell', 'pairs', 'n_diff', 'num_pairs', 'energy', 'forces', 'stress', 'magmom', 'bader_charge'])
batch dict_keys(['num_atoms', 'elems', 'coord', 'cell', 'pairs', 'n_diff', 'num_pairs', 'energy', 'forces', 'stress', 'magmom', 'bader_charge'])
batch dict_keys(['num_atoms', 'elems', 'coord', 'cell', 'pairs', 'n_diff', 'num_pairs', 'energy', 'forces', 'stress', 'magmom', 'bader_charge'])
batch dict_keys(['num_atoms', 'elems', 'coord', 'cell', 'pairs', 'n_diff', 'num_pairs', 'energy', 'forces', 'stress', 'magmom', 'bader_charge'])
batch dict_keys(['num_atoms', 'elems', 'coord', 'cell', 'pairs', 'n_diff', 'num_pairs', 'energy', 'forces', 'stress', 'magmom', 'bader_charge'])
batch dict_keys(['num_atoms', 'elems', 'coord', 'cell', 'pairs', 'n_diff', 'num_pairs', 'energy', 'forces', 'stress', 'magmom', 'bader_charge'])
batch dict_keys(['num_atoms', 'elems', 'coord', 'cell', 'pairs', 'n_diff', 'num_pairs', 'energy', 'forces', 'stress', 'magmom', 'bader_charge'])
batch dict_keys(['num_atoms', 'elems', 'coord', 'cell', 'pairs', 'n_diff', 'num_pairs', 'energy', 'forces', 'stress', 'magmom', 'bader_charge'])
batch dict_keys(['num_atoms', 'elems', 'coord', 'cell', 'pairs', 'n_diff', 'num_pairs', 'energy', 'forces', 'stress', 'magmom', 'bader_charge'])
batch dict_keys(['num_atoms', 'elems', 'coord', 'cell', 'pairs', 'n_diff', 'num_pairs', 'energy', 'forces', 'stress', 'magmom', 'bader_charge'])
batch dict_keys(['num_atoms', 'elems', 'coord', 'cell', 'pairs', 'n_diff', 'num_pairs', 'energy', 'forces', 'stress', 'magmom', 'bader_charge'])
batch dict_keys(['num_atoms', 'elems', 'coord', 'cell', 'pairs', 'n_diff', 'num_pairs', 'energy', 'forces', 'stress', 'magmom', 'bader_charge'])
batch dict_keys(['num_atoms', 'elems', 'coord', 'cell', 'pairs', 'n_diff', 'num_pairs', 'energy', 'forces', 'stress', 'magmom', 'bader_charge'])
batch dict_keys(['num_atoms', 'elems', 'coord', 'cell', 'pairs', 'n_diff', 'num_pairs', 'energy', 'forces', 'stress', 'magmom', 'bader_charge'])
batch dict_keys(['num_atoms', 'elems', 'coord', 'cell', 'pairs', 'n_diff', 'num_pairs', 'energy', 'forces', 'stress', 'magmom', 'bader_charge'])
batch dict_keys(['num_atoms', 'elems', 'coord', 'cell', 'pairs', 'n_diff', 'num_pairs', 'energy', 'forces', 'stress', 'magmom', 'bader_charge'])
batch dict_keys(['num_atoms', 'elems', 'coord', 'cell', 'pairs', 'n_diff', 'num_pairs', 'energy', 'forces', 'stress', 'magmom', 'bader_charge'])
batch dict_keys(['num_atoms', 'elems', 'coord', 'cell', 'pairs', 'n_diff', 'num_pairs', 'energy', 'forces', 'stress', 'magmom', 'bader_charge'])
batch dict_keys(['num_atoms', 'elems', 'coord', 'cell', 'pairs', 'n_diff', 'num_pairs', 'energy', 'forces', 'stress', 'magmom', 'bader_charge'])
batch dict_keys(['num_atoms', 'elems', 'coord', 'cell', 'pairs', 'n_diff', 'num_pairs', 'energy', 'forces', 'stress', 'magmom', 'bader_charge'])
batch dict_keys(['num_atoms', 'elems', 'coord', 'cell', 'pairs', 'n_diff', 'num_pairs', 'energy', 'forces', 'stress', 'magmom', 'bader_charge'])
batch dict_keys(['num_atoms', 'elems', 'coord', 'cell', 'pairs', 'n_diff', 'num_pairs', 'energy', 'forces', 'stress', 'magmom', 'bader_charge'])
batch dict_keys(['num_atoms', 'elems', 'coord', 'cell', 'pairs', 'n_diff', 'num_pairs', 'energy', 'forces', 'stress', 'magmom', 'bader_charge'])
batch dict_keys(['num_atoms', 'elems', 'coord', 'cell', 'pairs', 'n_diff', 'num_pairs', 'energy', 'forces', 'stress', 'magmom', 'bader_charge'])
batch dict_keys(['num_atoms', 'elems', 'coord', 'cell', 'pairs', 'n_diff', 'num_pairs', 'energy', 'forces', 'stress', 'magmom', 'bader_charge'])
batch dict_keys(['num_atoms', 'elems', 'coord', 'cell', 'pairs', 'n_diff', 'num_pairs', 'energy', 'forces', 'stress', 'magmom', 'bader_charge'])
batch dict_keys(['num_atoms', 'elems', 'coord', 'cell', 'pairs', 'n_diff', 'num_pairs', 'energy', 'forces', 'stress', 'magmom', 'bader_charge'])
batch dict_keys(['num_atoms', 'elems', 'coord', 'cell', 'pairs', 'n_diff', 'num_pairs', 'energy', 'forces', 'stress', 'magmom', 'bader_charge'])
batch dict_keys(['num_atoms', 'elems', 'coord', 'cell', 'pairs', 'n_diff', 'num_pairs', 'energy', 'forces', 'stress', 'magmom', 'bader_charge'])
batch dict_keys(['num_atoms', 'elems', 'coord', 'cell', 'pairs', 'n_diff', 'num_pairs', 'energy', 'forces', 'stress', 'magmom', 'bader_charge'])
batch dict_keys(['num_atoms', 'elems', 'coord', 'cell', 'pairs', 'n_diff', 'num_pairs', 'energy', 'forces', 'stress', 'magmom', 'bader_charge'])
batch dict_keys(['num_atoms', 'elems', 'coord', 'cell', 'pairs', 'n_diff', 'num_pairs', 'energy', 'forces', 'stress', 'magmom', 'bader_charge'])
batch dict_keys(['num_atoms', 'elems', 'coord', 'cell', 'pairs', 'n_diff', 'num_pairs', 'energy', 'forces', 'stress', 'magmom', 'bader_charge'])
batch dict_keys(['num_atoms', 'elems', 'coord', 'cell', 'pairs', 'n_diff', 'num_pairs', 'energy', 'forces', 'stress', 'magmom', 'bader_charge'])
batch dict_keys(['num_atoms', 'elems', 'coord', 'cell', 'pairs', 'n_diff', 'num_pairs', 'energy', 'forces', 'stress', 'magmom', 'bader_charge'])
batch dict_keys(['num_atoms', 'elems', 'coord', 'cell', 'pairs', 'n_diff', 'num_pairs', 'energy', 'forces', 'stress', 'magmom', 'bader_charge'])
batch dict_keys(['num_atoms', 'elems', 'coord', 'cell', 'pairs', 'n_diff', 'num_pairs', 'energy', 'forces', 'stress', 'magmom', 'bader_charge'])
batch dict_keys(['num_atoms', 'elems', 'coord', 'cell', 'pairs', 'n_diff', 'num_pairs', 'energy', 'forces', 'stress', 'magmom', 'bader_charge'])
batch dict_keys(['num_atoms', 'elems', 'coord', 'cell', 'pairs', 'n_diff', 'num_pairs', 'energy', 'forces', 'stress', 'magmom', 'bader_charge'])
batch dict_keys(['num_atoms', 'elems', 'coord', 'cell', 'pairs', 'n_diff', 'num_pairs', 'energy', 'forces', 'stress', 'magmom', 'bader_charge'])
batch dict_keys(['num_atoms', 'elems', 'coord', 'cell', 'pairs', 'n_diff', 'num_pairs', 'energy', 'forces', 'stress', 'magmom', 'bader_charge'])
batch dict_keys(['num_atoms', 'elems', 'coord', 'cell', 'pairs', 'n_diff', 'num_pairs', 'energy', 'forces', 'stress', 'magmom', 'bader_charge'])
batch dict_keys(['num_atoms', 'elems', 'coord', 'cell', 'pairs', 'n_diff', 'num_pairs', 'energy', 'forces', 'stress', 'magmom', 'bader_charge'])
batch dict_keys(['num_atoms', 'elems', 'coord', 'cell', 'pairs', 'n_diff', 'num_pairs', 'energy', 'forces', 'stress', 'magmom', 'bader_charge'])
batch dict_keys(['num_atoms', 'elems', 'coord', 'cell', 'pairs', 'n_diff', 'num_pairs', 'energy', 'forces', 'stress', 'magmom', 'bader_charge'])
batch dict_keys(['num_atoms', 'elems', 'coord', 'cell', 'pairs', 'n_diff', 'num_pairs', 'energy', 'forces', 'stress', 'magmom', 'bader_charge'])
batch dict_keys(['num_atoms', 'elems', 'coord', 'cell', 'pairs', 'n_diff', 'num_pairs', 'energy', 'forces', 'stress', 'magmom', 'bader_charge'])
batch dict_keys(['num_atoms', 'elems', 'coord', 'cell', 'pairs', 'n_diff', 'num_pairs', 'energy', 'forces', 'stress', 'magmom', 'bader_charge'])
batch dict_keys(['num_atoms', 'elems', 'coord', 'cell', 'pairs', 'n_diff', 'num_pairs', 'energy', 'forces', 'stress', 'magmom', 'bader_charge'])
batch dict_keys(['num_atoms', 'elems', 'coord', 'cell', 'pairs', 'n_diff', 'num_pairs', 'energy', 'forces', 'stress', 'magmom', 'bader_charge'])
batch dict_keys(['num_atoms', 'elems', 'coord', 'cell', 'pairs', 'n_diff', 'num_pairs', 'energy', 'forces', 'stress', 'magmom', 'bader_charge'])
batch dict_keys(['num_atoms', 'elems', 'coord', 'cell', 'pairs', 'n_diff', 'num_pairs', 'energy', 'forces', 'stress', 'magmom', 'bader_charge'])
batch dict_keys(['num_atoms', 'elems', 'coord', 'cell', 'pairs', 'n_diff', 'num_pairs', 'energy', 'forces', 'stress', 'magmom', 'bader_charge'])
batch dict_keys(['num_atoms', 'elems', 'coord', 'cell', 'pairs', 'n_diff', 'num_pairs', 'energy', 'forces', 'stress', 'magmom', 'bader_charge'])
batch dict_keys(['num_atoms', 'elems', 'coord', 'cell', 'pairs', 'n_diff', 'num_pairs', 'energy', 'forces', 'stress', 'magmom', 'bader_charge'])
batch dict_keys(['num_atoms', 'elems', 'coord', 'cell', 'pairs', 'n_diff', 'num_pairs', 'energy', 'forces', 'stress', 'magmom', 'bader_charge'])
batch dict_keys(['num_atoms', 'elems', 'coord', 'cell', 'pairs', 'n_diff', 'num_pairs', 'energy', 'forces', 'stress', 'magmom', 'bader_charge'])
batch dict_keys(['num_atoms', 'elems', 'coord', 'cell', 'pairs', 'n_diff', 'num_pairs', 'energy', 'forces', 'stress', 'magmom', 'bader_charge'])
batch dict_keys(['num_atoms', 'elems', 'coord', 'cell', 'pairs', 'n_diff', 'num_pairs', 'energy', 'forces', 'stress', 'magmom', 'bader_charge'])
batch dict_keys(['num_atoms', 'elems', 'coord', 'cell', 'pairs', 'n_diff', 'num_pairs', 'energy', 'forces', 'stress', 'magmom', 'bader_charge'])
batch dict_keys(['num_atoms', 'elems', 'coord', 'cell', 'pairs', 'n_diff', 'num_pairs', 'energy', 'forces', 'stress', 'magmom', 'bader_charge'])
batch dict_keys(['num_atoms', 'elems', 'coord', 'cell', 'pairs', 'n_diff', 'num_pairs', 'energy', 'forces', 'stress', 'magmom', 'bader_charge'])
batch dict_keys(['num_atoms', 'elems', 'coord', 'cell', 'pairs', 'n_diff', 'num_pairs', 'energy', 'forces', 'stress', 'magmom', 'bader_charge'])
batch dict_keys(['num_atoms', 'elems', 'coord', 'cell', 'pairs', 'n_diff', 'num_pairs', 'energy', 'forces', 'stress', 'magmom', 'bader_charge'])
batch dict_keys(['num_atoms', 'elems', 'coord', 'cell', 'pairs', 'n_diff', 'num_pairs', 'energy', 'forces', 'stress', 'magmom', 'bader_charge'])
batch dict_keys(['num_atoms', 'elems', 'coord', 'cell', 'pairs', 'n_diff', 'num_pairs', 'energy', 'forces', 'stress', 'magmom', 'bader_charge'])
batch dict_keys(['num_atoms', 'elems', 'coord', 'cell', 'pairs', 'n_diff', 'num_pairs', 'energy', 'forces', 'stress', 'magmom', 'bader_charge'])
batch dict_keys(['num_atoms', 'elems', 'coord', 'cell', 'pairs', 'n_diff', 'num_pairs', 'energy', 'forces', 'stress', 'magmom', 'bader_charge'])
batch dict_keys(['num_atoms', 'elems', 'coord', 'cell', 'pairs', 'n_diff', 'num_pairs', 'energy', 'forces', 'stress', 'magmom', 'bader_charge'])
batch dict_keys(['num_atoms', 'elems', 'coord', 'cell', 'pairs', 'n_diff', 'num_pairs', 'energy', 'forces', 'stress', 'magmom', 'bader_charge'])
batch dict_keys(['num_atoms', 'elems', 'coord', 'cell', 'pairs', 'n_diff', 'num_pairs', 'energy', 'forces', 'stress', 'magmom', 'bader_charge'])
batch dict_keys(['num_atoms', 'elems', 'coord', 'cell', 'pairs', 'n_diff', 'num_pairs', 'energy', 'forces', 'stress', 'magmom', 'bader_charge'])
batch dict_keys(['num_atoms', 'elems', 'coord', 'cell', 'pairs', 'n_diff', 'num_pairs', 'energy', 'forces', 'stress', 'magmom', 'bader_charge'])
batch dict_keys(['num_atoms', 'elems', 'coord', 'cell', 'pairs', 'n_diff', 'num_pairs', 'energy', 'forces', 'stress', 'magmom', 'bader_charge'])
batch dict_keys(['num_atoms', 'elems', 'coord', 'cell', 'pairs', 'n_diff', 'num_pairs', 'energy', 'forces', 'stress', 'magmom', 'bader_charge'])
batch dict_keys(['num_atoms', 'elems', 'coord', 'cell', 'pairs', 'n_diff', 'num_pairs', 'energy', 'forces', 'stress', 'magmom', 'bader_charge'])
batch dict_keys(['num_atoms', 'elems', 'coord', 'cell', 'pairs', 'n_diff', 'num_pairs', 'energy', 'forces', 'stress', 'magmom', 'bader_charge'])
batch dict_keys(['num_atoms', 'elems', 'coord', 'cell', 'pairs', 'n_diff', 'num_pairs', 'energy', 'forces', 'stress', 'magmom', 'bader_charge'])
batch dict_keys(['num_atoms', 'elems', 'coord', 'cell', 'pairs', 'n_diff', 'num_pairs', 'energy', 'forces', 'stress', 'magmom', 'bader_charge'])
batch dict_keys(['num_atoms', 'elems', 'coord', 'cell', 'pairs', 'n_diff', 'num_pairs', 'energy', 'forces', 'stress', 'magmom', 'bader_charge'])
batch dict_keys(['num_atoms', 'elems', 'coord', 'cell', 'pairs', 'n_diff', 'num_pairs', 'energy', 'forces', 'stress', 'magmom', 'bader_charge'])
batch dict_keys(['num_atoms', 'elems', 'coord', 'cell', 'pairs', 'n_diff', 'num_pairs', 'energy', 'forces', 'stress', 'magmom', 'bader_charge'])
batch dict_keys(['num_atoms', 'elems', 'coord', 'cell', 'pairs', 'n_diff', 'num_pairs', 'energy', 'forces', 'stress', 'magmom', 'bader_charge'])
batch dict_keys(['num_atoms', 'elems', 'coord', 'cell', 'pairs', 'n_diff', 'num_pairs', 'energy', 'forces', 'stress', 'magmom', 'bader_charge'])
batch dict_keys(['num_atoms', 'elems', 'coord', 'cell', 'pairs', 'n_diff', 'num_pairs', 'energy', 'forces', 'stress', 'magmom', 'bader_charge'])
batch dict_keys(['num_atoms', 'elems', 'coord', 'cell', 'pairs', 'n_diff', 'num_pairs', 'energy', 'forces', 'stress', 'magmom', 'bader_charge'])
batch dict_keys(['num_atoms', 'elems', 'coord', 'cell', 'pairs', 'n_diff', 'num_pairs', 'energy', 'forces', 'stress', 'magmom', 'bader_charge'])
batch dict_keys(['num_atoms', 'elems', 'coord', 'cell', 'pairs', 'n_diff', 'num_pairs', 'energy', 'forces', 'stress', 'magmom', 'bader_charge'])
batch dict_keys(['num_atoms', 'elems', 'coord', 'cell', 'pairs', 'n_diff', 'num_pairs', 'energy', 'forces', 'stress', 'magmom', 'bader_charge'])
batch dict_keys(['num_atoms', 'elems', 'coord', 'cell', 'pairs', 'n_diff', 'num_pairs', 'energy', 'forces', 'stress', 'magmom', 'bader_charge'])
batch dict_keys(['num_atoms', 'elems', 'coord', 'cell', 'pairs', 'n_diff', 'num_pairs', 'energy', 'forces', 'stress', 'magmom', 'bader_charge'])
batch dict_keys(['num_atoms', 'elems', 'coord', 'cell', 'pairs', 'n_diff', 'num_pairs', 'energy', 'forces', 'stress', 'magmom', 'bader_charge'])
batch dict_keys(['num_atoms', 'elems', 'coord', 'cell', 'pairs', 'n_diff', 'num_pairs', 'energy', 'forces', 'stress', 'magmom', 'bader_charge'])
batch dict_keys(['num_atoms', 'elems', 'coord', 'cell', 'pairs', 'n_diff', 'num_pairs', 'energy', 'forces', 'stress', 'magmom', 'bader_charge'])
batch dict_keys(['num_atoms', 'elems', 'coord', 'cell', 'pairs', 'n_diff', 'num_pairs', 'energy', 'forces', 'stress', 'magmom', 'bader_charge'])
batch dict_keys(['num_atoms', 'elems', 'coord', 'cell', 'pairs', 'n_diff', 'num_pairs', 'energy', 'forces', 'stress', 'magmom', 'bader_charge'])
batch dict_keys(['num_atoms', 'elems', 'coord', 'cell', 'pairs', 'n_diff', 'num_pairs', 'energy', 'forces', 'stress', 'magmom', 'bader_charge'])
batch dict_keys(['num_atoms', 'elems', 'coord', 'cell', 'pairs', 'n_diff', 'num_pairs', 'energy', 'forces', 'stress', 'magmom', 'bader_charge'])
batch dict_keys(['num_atoms', 'elems', 'coord', 'cell', 'pairs', 'n_diff', 'num_pairs', 'energy', 'forces', 'stress', 'magmom', 'bader_charge'])
batch dict_keys(['num_atoms', 'elems', 'coord', 'cell', 'pairs', 'n_diff', 'num_pairs', 'energy', 'forces', 'stress', 'magmom', 'bader_charge'])
batch dict_keys(['num_atoms', 'elems', 'coord', 'cell', 'pairs', 'n_diff', 'num_pairs', 'energy', 'forces', 'stress', 'magmom', 'bader_charge'])
batch dict_keys(['num_atoms', 'elems', 'coord', 'cell', 'pairs', 'n_diff', 'num_pairs', 'energy', 'forces', 'stress', 'magmom', 'bader_charge'])
batch dict_keys(['num_atoms', 'elems', 'coord', 'cell', 'pairs', 'n_diff', 'num_pairs', 'energy', 'forces', 'stress', 'magmom', 'bader_charge'])
batch dict_keys(['num_atoms', 'elems', 'coord', 'cell', 'pairs', 'n_diff', 'num_pairs', 'energy', 'forces', 'stress', 'magmom', 'bader_charge'])
batch dict_keys(['num_atoms', 'elems', 'coord', 'cell', 'pairs', 'n_diff', 'num_pairs', 'energy', 'forces', 'stress', 'magmom', 'bader_charge'])
batch dict_keys(['num_atoms', 'elems', 'coord', 'cell', 'pairs', 'n_diff', 'num_pairs', 'energy', 'forces', 'stress', 'magmom', 'bader_charge'])
batch dict_keys(['num_atoms', 'elems', 'coord', 'cell', 'pairs', 'n_diff', 'num_pairs', 'energy', 'forces', 'stress', 'magmom', 'bader_charge'])
batch dict_keys(['num_atoms', 'elems', 'coord', 'cell', 'pairs', 'n_diff', 'num_pairs', 'energy', 'forces', 'stress', 'magmom', 'bader_charge'])
batch dict_keys(['num_atoms', 'elems', 'coord', 'cell', 'pairs', 'n_diff', 'num_pairs', 'energy', 'forces', 'stress', 'magmom', 'bader_charge'])
batch dict_keys(['num_atoms', 'elems', 'coord', 'cell', 'pairs', 'n_diff', 'num_pairs', 'energy', 'forces', 'stress', 'magmom', 'bader_charge'])
batch dict_keys(['num_atoms', 'elems', 'coord', 'cell', 'pairs', 'n_diff', 'num_pairs', 'energy', 'forces', 'stress', 'magmom', 'bader_charge'])
batch dict_keys(['num_atoms', 'elems', 'coord', 'cell', 'pairs', 'n_diff', 'num_pairs', 'energy', 'forces', 'stress', 'magmom', 'bader_charge'])
batch dict_keys(['num_atoms', 'elems', 'coord', 'cell', 'pairs', 'n_diff', 'num_pairs', 'energy', 'forces', 'stress', 'magmom', 'bader_charge'])
batch dict_keys(['num_atoms', 'elems', 'coord', 'cell', 'pairs', 'n_diff', 'num_pairs', 'energy', 'forces', 'stress', 'magmom', 'bader_charge'])
batch dict_keys(['num_atoms', 'elems', 'coord', 'cell', 'pairs', 'n_diff', 'num_pairs', 'energy', 'forces', 'stress', 'magmom', 'bader_charge'])
batch dict_keys(['num_atoms', 'elems', 'coord', 'cell', 'pairs', 'n_diff', 'num_pairs', 'energy', 'forces', 'stress', 'magmom', 'bader_charge'])
batch dict_keys(['num_atoms', 'elems', 'coord', 'cell', 'pairs', 'n_diff', 'num_pairs', 'energy', 'forces', 'stress', 'magmom', 'bader_charge'])
batch dict_keys(['num_atoms', 'elems', 'coord', 'cell', 'pairs', 'n_diff', 'num_pairs', 'energy', 'forces', 'stress', 'magmom', 'bader_charge'])
batch dict_keys(['num_atoms', 'elems', 'coord', 'cell', 'pairs', 'n_diff', 'num_pairs', 'energy', 'forces', 'stress', 'magmom', 'bader_charge'])
batch dict_keys(['num_atoms', 'elems', 'coord', 'cell', 'pairs', 'n_diff', 'num_pairs', 'energy', 'forces', 'stress', 'magmom', 'bader_charge'])
batch dict_keys(['num_atoms', 'elems', 'coord', 'cell', 'pairs', 'n_diff', 'num_pairs', 'energy', 'forces', 'stress', 'magmom', 'bader_charge'])
batch dict_keys(['num_atoms', 'elems', 'coord', 'cell', 'pairs', 'n_diff', 'num_pairs', 'energy', 'forces', 'stress', 'magmom', 'bader_charge'])
batch dict_keys(['num_atoms', 'elems', 'coord', 'cell', 'pairs', 'n_diff', 'num_pairs', 'energy', 'forces', 'stress', 'magmom', 'bader_charge'])
batch dict_keys(['num_atoms', 'elems', 'coord', 'cell', 'pairs', 'n_diff', 'num_pairs', 'energy', 'forces', 'stress', 'magmom', 'bader_charge'])
batch dict_keys(['num_atoms', 'elems', 'coord', 'cell', 'pairs', 'n_diff', 'num_pairs', 'energy', 'forces', 'stress', 'magmom', 'bader_charge'])
batch dict_keys(['num_atoms', 'elems', 'coord', 'cell', 'pairs', 'n_diff', 'num_pairs', 'energy', 'forces', 'stress', 'magmom', 'bader_charge'])
batch dict_keys(['num_atoms', 'elems', 'coord', 'cell', 'pairs', 'n_diff', 'num_pairs', 'energy', 'forces', 'stress', 'magmom', 'bader_charge'])
batch dict_keys(['num_atoms', 'elems', 'coord', 'cell', 'pairs', 'n_diff', 'num_pairs', 'energy', 'forces', 'stress', 'magmom', 'bader_charge'])
batch dict_keys(['num_atoms', 'elems', 'coord', 'cell', 'pairs', 'n_diff', 'num_pairs', 'energy', 'forces', 'stress', 'magmom', 'bader_charge'])
batch dict_keys(['num_atoms', 'elems', 'coord', 'cell', 'pairs', 'n_diff', 'num_pairs', 'energy', 'forces', 'stress', 'magmom', 'bader_charge'])
