Optimizing images with the MLP
/home/energy/mahpe/Published_code/autocPaiNN/workflow/neb_run.py:220: FutureWarning: Please import NEB from ase.mep, not ase.neb.
  neb = NEB(images,allow_shared_calculator=True, climb=args.climb)#, parallel=parallel)#, method="improvedtangent")
Running NEB calculation
run
Image=1 Epot=-1093.6123046875 energy_var=0.00000, forces_var=0.00000, forces_l2_var=0.00000, stress_var=0.00000, magmom_var=0.00000, bader_charge_var=0.00000, forces_var_mean=0.00000, forces_sd=0.00000
Image=2 Epot=-1093.6051025390625 energy_var=0.00000, forces_var=0.00000, forces_l2_var=0.00000, stress_var=0.00000, magmom_var=0.00000, bader_charge_var=0.00000, forces_var_mean=0.00000, forces_sd=0.00000
Image=3 Epot=-1093.5958251953125 energy_var=0.00000, forces_var=0.00000, forces_l2_var=0.00000, stress_var=0.00000, magmom_var=0.00000, bader_charge_var=0.00000, forces_var_mean=0.00000, forces_sd=0.00000
Image=4 Epot=-1093.60546875 energy_var=0.00000, forces_var=0.00000, forces_l2_var=0.00000, stress_var=0.00000, magmom_var=0.00000, bader_charge_var=0.00000, forces_var_mean=0.00000, forces_sd=0.00000
Image=5 Epot=-1093.6131591796875 energy_var=0.00000, forces_var=0.00000, forces_l2_var=0.00000, stress_var=0.00000, magmom_var=0.00000, bader_charge_var=0.00000, forces_var_mean=0.00000, forces_sd=0.00000
Image=1 Epot=-1093.61376953125 energy_var=0.00000, forces_var=0.00000, forces_l2_var=0.00000, stress_var=0.00000, magmom_var=0.00000, bader_charge_var=0.00000, forces_var_mean=0.00000, forces_sd=0.00000
Image=2 Epot=-1093.606689453125 energy_var=0.00000, forces_var=0.00000, forces_l2_var=0.00000, stress_var=0.00000, magmom_var=0.00000, bader_charge_var=0.00000, forces_var_mean=0.00000, forces_sd=0.00000
Image=3 Epot=-1093.5975341796875 energy_var=0.00000, forces_var=0.00000, forces_l2_var=0.00000, stress_var=0.00000, magmom_var=0.00000, bader_charge_var=0.00000, forces_var_mean=0.00000, forces_sd=0.00000
Image=4 Epot=-1093.60693359375 energy_var=0.00000, forces_var=0.00000, forces_l2_var=0.00000, stress_var=0.00000, magmom_var=0.00000, bader_charge_var=0.00000, forces_var_mean=0.00000, forces_sd=0.00000
Image=5 Epot=-1093.6146240234375 energy_var=0.00000, forces_var=0.00000, forces_l2_var=0.00000, stress_var=0.00000, magmom_var=0.00000, bader_charge_var=0.00000, forces_var_mean=0.00000, forces_sd=0.00000
Image=1 Epot=-1093.6168212890625 energy_var=0.00000, forces_var=0.00000, forces_l2_var=0.00000, stress_var=0.00000, magmom_var=0.00000, bader_charge_var=0.00000, forces_var_mean=0.00000, forces_sd=0.00000
Image=2 Epot=-1093.6097412109375 energy_var=0.00000, forces_var=0.00000, forces_l2_var=0.00000, stress_var=0.00000, magmom_var=0.00000, bader_charge_var=0.00000, forces_var_mean=0.00000, forces_sd=0.00000
Image=3 Epot=-1093.6009521484375 energy_var=0.00000, forces_var=0.00000, forces_l2_var=0.00000, stress_var=0.00000, magmom_var=0.00000, bader_charge_var=0.00000, forces_var_mean=0.00000, forces_sd=0.00000
Image=4 Epot=-1093.610107421875 energy_var=0.00000, forces_var=0.00000, forces_l2_var=0.00000, stress_var=0.00000, magmom_var=0.00000, bader_charge_var=0.00000, forces_var_mean=0.00000, forces_sd=0.00000
Image=5 Epot=-1093.61767578125 energy_var=0.00000, forces_var=0.00000, forces_l2_var=0.00000, stress_var=0.00000, magmom_var=0.00000, bader_charge_var=0.00000, forces_var_mean=0.00000, forces_sd=0.00000
Image=1 Epot=-1093.621337890625 energy_var=0.00000, forces_var=0.00000, forces_l2_var=0.00000, stress_var=0.00000, magmom_var=0.00000, bader_charge_var=0.00000, forces_var_mean=0.00000, forces_sd=0.00000
Image=2 Epot=-1093.614501953125 energy_var=0.00000, forces_var=0.00000, forces_l2_var=0.00000, stress_var=0.00000, magmom_var=0.00000, bader_charge_var=0.00000, forces_var_mean=0.00000, forces_sd=0.00000
Image=3 Epot=-1093.60595703125 energy_var=0.00000, forces_var=0.00000, forces_l2_var=0.00000, stress_var=0.00000, magmom_var=0.00000, bader_charge_var=0.00000, forces_var_mean=0.00000, forces_sd=0.00000
Image=4 Epot=-1093.6148681640625 energy_var=0.00000, forces_var=0.00000, forces_l2_var=0.00000, stress_var=0.00000, magmom_var=0.00000, bader_charge_var=0.00000, forces_var_mean=0.00000, forces_sd=0.00000
Image=5 Epot=-1093.6221923828125 energy_var=0.00000, forces_var=0.00000, forces_l2_var=0.00000, stress_var=0.00000, magmom_var=0.00000, bader_charge_var=0.00000, forces_var_mean=0.00000, forces_sd=0.00000
Image=1 Epot=-1093.6273193359375 energy_var=0.00000, forces_var=0.00000, forces_l2_var=0.00000, stress_var=0.00000, magmom_var=0.00000, bader_charge_var=0.00000, forces_var_mean=0.00000, forces_sd=0.00000
Image=2 Epot=-1093.6207275390625 energy_var=0.00000, forces_var=0.00000, forces_l2_var=0.00000, stress_var=0.00000, magmom_var=0.00000, bader_charge_var=0.00000, forces_var_mean=0.00000, forces_sd=0.00000
Image=3 Epot=-1093.6126708984375 energy_var=0.00000, forces_var=0.00000, forces_l2_var=0.00000, stress_var=0.00000, magmom_var=0.00000, bader_charge_var=0.00000, forces_var_mean=0.00000, forces_sd=0.00000
Image=4 Epot=-1093.62109375 energy_var=0.00000, forces_var=0.00000, forces_l2_var=0.00000, stress_var=0.00000, magmom_var=0.00000, bader_charge_var=0.00000, forces_var_mean=0.00000, forces_sd=0.00000
Image=5 Epot=-1093.6282958984375 energy_var=0.00000, forces_var=0.00000, forces_l2_var=0.00000, stress_var=0.00000, magmom_var=0.00000, bader_charge_var=0.00000, forces_var_mean=0.00000, forces_sd=0.00000
Image=1 Epot=-1093.634765625 energy_var=0.00000, forces_var=0.00000, forces_l2_var=0.00000, stress_var=0.00000, magmom_var=0.00000, bader_charge_var=0.00000, forces_var_mean=0.00000, forces_sd=0.00000
Image=2 Epot=-1093.62841796875 energy_var=0.00000, forces_var=0.00000, forces_l2_var=0.00000, stress_var=0.00000, magmom_var=0.00000, bader_charge_var=0.00000, forces_var_mean=0.00000, forces_sd=0.00000
Image=3 Epot=-1093.620849609375 energy_var=0.00000, forces_var=0.00000, forces_l2_var=0.00000, stress_var=0.00000, magmom_var=0.00000, bader_charge_var=0.00000, forces_var_mean=0.00000, forces_sd=0.00000
Image=4 Epot=-1093.6287841796875 energy_var=0.00000, forces_var=0.00000, forces_l2_var=0.00000, stress_var=0.00000, magmom_var=0.00000, bader_charge_var=0.00000, forces_var_mean=0.00000, forces_sd=0.00000
Image=5 Epot=-1093.6357421875 energy_var=0.00000, forces_var=0.00000, forces_l2_var=0.00000, stress_var=0.00000, magmom_var=0.00000, bader_charge_var=0.00000, forces_var_mean=0.00000, forces_sd=0.00000
Image=1 Epot=-1093.6436767578125 energy_var=0.00000, forces_var=0.00000, forces_l2_var=0.00000, stress_var=0.00000, magmom_var=0.00000, bader_charge_var=0.00000, forces_var_mean=0.00000, forces_sd=0.00000
Image=2 Epot=-1093.6375732421875 energy_var=0.00000, forces_var=0.00000, forces_l2_var=0.00000, stress_var=0.00000, magmom_var=0.00000, bader_charge_var=0.00000, forces_var_mean=0.00000, forces_sd=0.00000
Image=3 Epot=-1093.630615234375 energy_var=0.00000, forces_var=0.00000, forces_l2_var=0.00000, stress_var=0.00000, magmom_var=0.00000, bader_charge_var=0.00000, forces_var_mean=0.00000, forces_sd=0.00000
Image=4 Epot=-1093.637939453125 energy_var=0.00000, forces_var=0.00000, forces_l2_var=0.00000, stress_var=0.00000, magmom_var=0.00000, bader_charge_var=0.00000, forces_var_mean=0.00000, forces_sd=0.00000
Image=5 Epot=-1093.6446533203125 energy_var=0.00000, forces_var=0.00000, forces_l2_var=0.00000, stress_var=0.00000, magmom_var=0.00000, bader_charge_var=0.00000, forces_var_mean=0.00000, forces_sd=0.00000
Image=1 Epot=-1093.654052734375 energy_var=0.00000, forces_var=0.00000, forces_l2_var=0.00000, stress_var=0.00000, magmom_var=0.00000, bader_charge_var=0.00000, forces_var_mean=0.00000, forces_sd=0.00000
Image=2 Epot=-1093.648193359375 energy_var=0.00000, forces_var=0.00000, forces_l2_var=0.00000, stress_var=0.00000, magmom_var=0.00000, bader_charge_var=0.00000, forces_var_mean=0.00000, forces_sd=0.00000
Image=3 Epot=-1093.6416015625 energy_var=0.00000, forces_var=0.00000, forces_l2_var=0.00000, stress_var=0.00000, magmom_var=0.00000, bader_charge_var=0.00000, forces_var_mean=0.00000, forces_sd=0.00000
Image=4 Epot=-1093.6484375 energy_var=0.00000, forces_var=0.00000, forces_l2_var=0.00000, stress_var=0.00000, magmom_var=0.00000, bader_charge_var=0.00000, forces_var_mean=0.00000, forces_sd=0.00000
Image=5 Epot=-1093.655029296875 energy_var=0.00000, forces_var=0.00000, forces_l2_var=0.00000, stress_var=0.00000, magmom_var=0.00000, bader_charge_var=0.00000, forces_var_mean=0.00000, forces_sd=0.00000
Image=1 Epot=-1093.6669921875 energy_var=0.00000, forces_var=0.00000, forces_l2_var=0.00000, stress_var=0.00000, magmom_var=0.00000, bader_charge_var=0.00000, forces_var_mean=0.00000, forces_sd=0.00000
Image=2 Epot=-1093.661376953125 energy_var=0.00000, forces_var=0.00000, forces_l2_var=0.00000, stress_var=0.00000, magmom_var=0.00000, bader_charge_var=0.00000, forces_var_mean=0.00000, forces_sd=0.00000
Image=3 Epot=-1093.6553955078125 energy_var=0.00000, forces_var=0.00000, forces_l2_var=0.00000, stress_var=0.00000, magmom_var=0.00000, bader_charge_var=0.00000, forces_var_mean=0.00000, forces_sd=0.00000
Image=4 Epot=-1093.66162109375 energy_var=0.00000, forces_var=0.00000, forces_l2_var=0.00000, stress_var=0.00000, magmom_var=0.00000, bader_charge_var=0.00000, forces_var_mean=0.00000, forces_sd=0.00000
Image=5 Epot=-1093.66796875 energy_var=0.00000, forces_var=0.00000, forces_l2_var=0.00000, stress_var=0.00000, magmom_var=0.00000, bader_charge_var=0.00000, forces_var_mean=0.00000, forces_sd=0.00000
Image=1 Epot=-1093.6829833984375 energy_var=0.00000, forces_var=0.00000, forces_l2_var=0.00000, stress_var=0.00000, magmom_var=0.00000, bader_charge_var=0.00000, forces_var_mean=0.00000, forces_sd=0.00000
Image=2 Epot=-1093.6776123046875 energy_var=0.00000, forces_var=0.00000, forces_l2_var=0.00000, stress_var=0.00000, magmom_var=0.00000, bader_charge_var=0.00000, forces_var_mean=0.00000, forces_sd=0.00000
Image=3 Epot=-1093.672119140625 energy_var=0.00000, forces_var=0.00000, forces_l2_var=0.00000, stress_var=0.00000, magmom_var=0.00000, bader_charge_var=0.00000, forces_var_mean=0.00000, forces_sd=0.00000
Image=4 Epot=-1093.6778564453125 energy_var=0.00000, forces_var=0.00000, forces_l2_var=0.00000, stress_var=0.00000, magmom_var=0.00000, bader_charge_var=0.00000, forces_var_mean=0.00000, forces_sd=0.00000
Image=5 Epot=-1093.68408203125 energy_var=0.00000, forces_var=0.00000, forces_l2_var=0.00000, stress_var=0.00000, magmom_var=0.00000, bader_charge_var=0.00000, forces_var_mean=0.00000, forces_sd=0.00000
NEB calculation done
random indices:
[0 1 2 3 4 5 6]
MD starts for Image: 0 for 1 fs
Image=0 Epot=-1093.5806884765625 Ekin=32.40279050573311 temperature=1501.0734420851586 energy_var=0.00000, forces_var=0.00000, forces_l2_var=0.00000, stress_var=0.00000, magmom_var=0.00000, bader_charge_var=0.00000, forces_var_mean=0.00000, forces_sd=0.00000
Image=0 Epot=-1093.574462890625 Ekin=32.42742883215077 temperature=1502.2148233324442 energy_var=0.00000, forces_var=0.00000, forces_l2_var=0.00000, stress_var=0.00000, magmom_var=0.00000, bader_charge_var=0.00000, forces_var_mean=0.00000, forces_sd=0.00000
MD starts for Image: 1 for 1 fs
Image=1 Epot=-1093.6829833984375 Ekin=33.83337686098215 temperature=1567.3459806831472 energy_var=0.00000, forces_var=0.00000, forces_l2_var=0.00000, stress_var=0.00000, magmom_var=0.00000, bader_charge_var=0.00000, forces_var_mean=0.00000, forces_sd=0.00000
Image=1 Epot=-1093.673828125 Ekin=33.77873979340882 temperature=1564.8148946313695 energy_var=0.00000, forces_var=0.00000, forces_l2_var=0.00000, stress_var=0.00000, magmom_var=0.00000, bader_charge_var=0.00000, forces_var_mean=0.00000, forces_sd=0.00000
MD starts for Image: 2 for 1 fs
Image=2 Epot=-1093.6776123046875 Ekin=33.999850185681524 temperature=1575.0579302597628 energy_var=0.00000, forces_var=0.00000, forces_l2_var=0.00000, stress_var=0.00000, magmom_var=0.00000, bader_charge_var=0.00000, forces_var_mean=0.00000, forces_sd=0.00000
Image=2 Epot=-1093.6663818359375 Ekin=33.88950047697365 temperature=1569.9459317405638 energy_var=0.00000, forces_var=0.00000, forces_l2_var=0.00000, stress_var=0.00000, magmom_var=0.00000, bader_charge_var=0.00000, forces_var_mean=0.00000, forces_sd=0.00000
MD starts for Image: 3 for 1 fs
Image=3 Epot=-1093.672119140625 Ekin=34.615616051144464 temperature=1603.5835532929227 energy_var=0.00000, forces_var=0.00000, forces_l2_var=0.00000, stress_var=0.00000, magmom_var=0.00000, bader_charge_var=0.00000, forces_var_mean=0.00000, forces_sd=0.00000
Image=3 Epot=-1093.662841796875 Ekin=34.54499389598538 temperature=1600.311951067387 energy_var=0.00000, forces_var=0.00000, forces_l2_var=0.00000, stress_var=0.00000, magmom_var=0.00000, bader_charge_var=0.00000, forces_var_mean=0.00000, forces_sd=0.00000
MD starts for Image: 4 for 1 fs
Image=4 Epot=-1093.6778564453125 Ekin=33.11093283927005 temperature=1533.8784454042536 energy_var=0.00000, forces_var=0.00000, forces_l2_var=0.00000, stress_var=0.00000, magmom_var=0.00000, bader_charge_var=0.00000, forces_var_mean=0.00000, forces_sd=0.00000
Image=4 Epot=-1093.6610107421875 Ekin=33.02921751752 temperature=1530.0929473846081 energy_var=0.00000, forces_var=0.00000, forces_l2_var=0.00000, stress_var=0.00000, magmom_var=0.00000, bader_charge_var=0.00000, forces_var_mean=0.00000, forces_sd=0.00000
MD starts for Image: 5 for 1 fs
Image=5 Epot=-1093.68408203125 Ekin=29.918883911643032 temperature=1386.0053827354825 energy_var=0.00000, forces_var=0.00000, forces_l2_var=0.00000, stress_var=0.00000, magmom_var=0.00000, bader_charge_var=0.00000, forces_var_mean=0.00000, forces_sd=0.00000
Image=5 Epot=-1093.673583984375 Ekin=30.003898621521444 temperature=1389.9437263532177 energy_var=0.00000, forces_var=0.00000, forces_l2_var=0.00000, stress_var=0.00000, magmom_var=0.00000, bader_charge_var=0.00000, forces_var_mean=0.00000, forces_sd=0.00000
MD starts for Image: 6 for 1 fs
Image=6 Epot=-1093.58056640625 Ekin=34.05555615530905 temperature=1577.6385336667033 energy_var=0.00000, forces_var=0.00000, forces_l2_var=0.00000, stress_var=0.00000, magmom_var=0.00000, bader_charge_var=0.00000, forces_var_mean=0.00000, forces_sd=0.00000
Image=6 Epot=-1093.569580078125 Ekin=34.164363720332844 temperature=1582.6790917052551 energy_var=0.00000, forces_var=0.00000, forces_l2_var=0.00000, stress_var=0.00000, magmom_var=0.00000, bader_charge_var=0.00000, forces_var_mean=0.00000, forces_sd=0.00000
